# Profile of world items
# Generated on 4/12/2009 2:54:19 AM


5868601	31.40%	Server.Item
1211527	6.48%	Server.Items.Container
1183494	6.33%	Server.Items.BaseContainer
1040919	5.57%	Server.Mobiles.PremiumSpawner
648197	3.47%	Server.Items.TrapableContainer
648036	3.47%	Server.Items.LockableContainer
631853	3.38%	Server.Items.BaseBook
620447	3.32%	Server.Items.Static
479224	2.56%	Server.Items.BaseClothing
441202	2.36%	Server.Items.FillableContainer
418099	2.24%	Server.Items.Backpack
289295	1.55%	Server.Items.LibraryBookcase
272238	1.46%	Server.Items.BaseDoor
175644	0.94%	Server.Items.BaseRegentPlant
170727	0.91%	Server.Items.RedBook
163943	0.88%	Server.Items.DarkWoodDoor
163457	0.87%	Server.Items.BlueBook
152207	0.81%	Server.Items.BaseLight
140673	0.75%	Server.Items.Gold
137370	0.73%	Server.Items.BaseShoes
131431	0.70%	Server.Items.AddonComponent
131124	0.70%	Server.Mobiles.Spawner
130244	0.70%	Server.Mobiles.XmlSpawner
107200	0.57%	Server.Items.BasePiece
89963	0.48%	Server.Items.BaseShirt
81192	0.43%	Server.Items.BasePants
77182	0.41%	Server.Items.Shoes
72408	0.39%	Server.Items.BaseBeverage
71189	0.38%	Server.Items.Teleporter
68369	0.37%	Server.Items.LargeCrate
58569	0.31%	Server.Items.Barrel
57743	0.31%	Server.Items.FillableBarrel
54789	0.29%	Server.Items.BaseOuterLegs
47015	0.25%	Server.Items.BaseMiddleTorso
46818	0.25%	Server.Items.FillableLargeCrate
46250	0.25%	Server.Items.ShortPants
45880	0.25%	Server.Items.FancyShirt
44022	0.24%	Server.Items.Shirt
42096	0.23%	Server.Items.Doublet
39312	0.21%	Server.Items.CandelabraStand
38786	0.21%	Server.Items.CandleLarge
36059	0.19%	Server.Items.WoodenChair
35152	0.19%	Server.Items.BaseAddon
35005	0.19%	Server.Items.BaseSign
35005	0.19%	Server.Items.Sign
34409	0.18%	Server.Items.LongPants
33601	0.18%	Server.Items.Skirt
33029	0.18%	Server.Items.WoodenChest
32853	0.18%	Server.Items.BaseMeleeWeapon
32853	0.18%	Server.Items.BaseWeapon
32569	0.17%	Server.Items.Sandals
32169	0.17%	Server.Items.LocalizedSign
31584	0.17%	Server.Items.PieceBlackChecker
31584	0.17%	Server.Items.PieceWhiteChecker
31404	0.17%	Server.Items.MediumCrate
31374	0.17%	Server.Items.BloodMossPlant
31210	0.17%	Server.Items.BambooChair
30809	0.16%	Server.Items.BaseOuterTorso
30740	0.16%	Server.Items.NightshadePlant
30184	0.16%	Server.Items.BaseArmor
29793	0.16%	Server.Items.MetalGoldenChest
29483	0.16%	Server.Items.MandrakePlant
28860	0.15%	Server.Items.GinsengPlant
28222	0.15%	Server.Items.GarlicPlant
27546	0.15%	Server.Items.Robe
27542	0.15%	Server.Items.MetalDoor2
26965	0.14%	Server.Items.SpiderWeb
26191	0.14%	Server.Items.BaseWaist
26116	0.14%	Server.Items.HalfApron
24768	0.13%	Server.Items.MetalChest
21154	0.11%	Server.Items.Kilt
20952	0.11%	Server.Items.Plate
20500	0.11%	Server.Items.PewterMug
20487	0.11%	Server.Items.LampPost1
19578	0.10%	Server.Items.BeverageBottle
19533	0.10%	Server.Items.LampPost3
19249	0.10%	Server.Items.FillableMetalBox
19037	0.10%	Server.Items.Drawer
18270	0.10%	Server.Items.StrongWoodDoor
18033	0.10%	Server.Items.BaseBoard
16745	0.09%	Server.Items.MetalDoor
16113	0.09%	Server.Items.CeramicMug
16078	0.09%	Server.Items.Knife
15912	0.09%	Server.Items.Fork
15639	0.08%	Server.Items.Food
15118	0.08%	Server.Items.BasePotion
14729	0.08%	Server.Items.BaseJewel
14605	0.08%	Server.Items.BaseTrap
14491	0.08%	Server.Items.Boots
13755	0.07%	Server.Items.BarredMetalDoor
13292	0.07%	Server.Items.Spoon
12834	0.07%	Server.Items.WoodenBench
12370	0.07%	Server.Items.ThighBoots
12200	0.07%	Server.Items.SHTeleComponent
12088	0.06%	Server.Items.MyStory
11893	0.06%	Server.Items.PottedTree1
11310	0.06%	Server.Items.DimensionalTravel
11285	0.06%	Server.Items.SmallCrate
11258	0.06%	Server.Items.SongOfSamlethe
11232	0.06%	Server.Items.MajorTradeAssociation
11198	0.06%	Server.Items.ArmsAndWeaponsPrimer
11135	0.06%	Server.Items.BaseStaff
11102	0.06%	Server.Items.TalkingToWisps
11074	0.06%	Server.Items.TamingDragons
11008	0.06%	Server.Items.PieceBlackPawn
11008	0.06%	Server.Items.PieceWhitePawn
10944	0.06%	Server.Items.TaleOfThreeTribes
10894	0.06%	Server.Items.BurningOfTrinsic
10816	0.06%	Server.Items.CallToAnarchy
10814	0.06%	Server.Items.ChildrenTalesVol2
10788	0.06%	Server.Items.DeceitDungeonOfHorror
10764	0.06%	Server.Items.BritannianFlora
10608	0.06%	Server.Items.TalesOfVesperVol1
10582	0.06%	Server.Items.RankingsOfTrades
10556	0.06%	Server.Items.BirdsOfBritannia
10556	0.06%	Server.Items.GrammarOfOrcish
10476	0.06%	Server.Items.TheFight
10348	0.06%	Server.Items.GuideToGuilds
10346	0.06%	Server.Items.QuestOfVirtues
10294	0.06%	Server.Items.RegardingLlamas
10192	0.05%	Server.Items.EthicalHedonism
10062	0.05%	Server.Items.LifeOfATravellingMinstrel
10053	0.05%	Server.Items.WoodenChairCushion
10010	0.05%	Server.Items.DiversityOfOurLand
9934	0.05%	Server.Items.VirtueBook
9932	0.05%	Server.Items.BoldStranger
9826	0.05%	Server.Items.WildGirlOfTheForest
9783	0.05%	Server.Items.BaseTool
9619	0.05%	Server.Items.BaseReagent
9464	0.05%	Server.Items.TreatiseOnAlchemy
9294	0.05%	Server.Items.QuestHolder
9294	0.05%	Server.Items.XmlQuestHolder
8997	0.05%	Server.Items.Armoire
8716	0.05%	Server.Items.BaseHat
8566	0.05%	Server.Items.Bascinet
8331	0.04%	Server.Items.SmithHammer
8056	0.04%	Server.Items.BaseEquipableLight
7959	0.04%	Server.Items.Candelabra
7889	0.04%	Server.Items.Backgammon
7850	0.04%	Server.Items.CandleSkull
7614	0.04%	Server.Items.DarkWoodGate
7603	0.04%	Server.Items.FillableWoodenChest
7522	0.04%	Server.Items.BaseBracelet
7386	0.04%	Server.Items.FullBookcase
7346	0.04%	Server.Items.BaseHealPotion
7276	0.04%	Server.Items.GoldBracelet
7267	0.04%	Server.Items.Chessboard
7170	0.04%	Server.Items.TrainingDummy
7005	0.04%	Server.Engines.CannedEvil.ChampionSpawn
6767	0.04%	Server.Items.BaseCurePotion
6644	0.04%	Server.Items.BaseRing
6524	0.03%	Server.Items.FillableMetalGoldenChest
6514	0.03%	Server.Items.CurePotion
6514	0.03%	Server.Items.HealPotion
6399	0.03%	Server.Items.RattanDoor
6338	0.03%	Server.Items.GoldRing
6330	0.03%	Server.Items.FancyWoodenChairCushion
5927	0.03%	Server.Items.BaseSword
5819	0.03%	Server.Items.BaseKnife
5740	0.03%	Server.Items.Goblet
5724	0.03%	Server.Items.FillableSmallCrate
5708	0.03%	Server.Items.FootStool
5593	0.03%	Server.Items.LightWoodGate
5587	0.03%	Server.Items.AnvilComponent
5518	0.03%	Server.Items.FancyDrawer
5492	0.03%	Server.Items.Bandage
5395	0.03%	Server.Items.ShrinkItem
5065	0.03%	Server.Items.Pitcher
4995	0.03%	Server.Items.FancyArmoire
4943	0.03%	Server.Engines.CannedEvil.ChampionPlatform
4890	0.03%	Server.Items.LampPost2
4888	0.03%	Server.Items.FillableMetalChest
4708	0.03%	Server.Items.SpikeTrap
4596	0.02%	Server.Items.BaseLevelArmor
4569	0.02%	Server.Items.PottedPlant
4476	0.02%	Server.Items.Cleaver
4334	0.02%	Server.Items.Bag
4230	0.02%	Server.Items.GnarledStaff
4201	0.02%	Server.Items.SawTrap
4071	0.02%	Server.Engines.Mahjong.MahjongGame
4069	0.02%	Server.Items.BaseAxe
4005	0.02%	Server.Items.Lantern
3884	0.02%	Server.Items.Blocker
3738	0.02%	Server.Items.EmptyBookcase
3690	0.02%	Server.Items.GlassMug
3662	0.02%	Server.Items.SHTeleporter
3627	0.02%	Server.Items.CookableFood
3531	0.02%	Server.Items.ShepherdsCrook
3358	0.02%	Server.Items.FillableWoodenBox
3342	0.02%	Server.Items.SecretStoneDoor1
3301	0.02%	Knives.TownHouses.TownHouseSign
3228	0.02%	Server.Items.FruitBasket
3093	0.02%	Server.Items.LocalizedStatic
2965	0.02%	Server.Items.BaseRanged
2928	0.02%	Server.Items.Grapes
2910	0.02%	Server.Items.QuarterStaff
2877	0.02%	Server.Items.CheckerBoard
2838	0.02%	Server.Items.ArcheryButte
2823	0.02%	Server.Items.ForgeComponent
2822	0.02%	Server.Items.Bow
2816	0.02%	Server.Items.BaseTreasureChestMod
2804	0.02%	Server.Items.FullApron
2791	0.01%	Server.Items.Candle
2752	0.01%	Server.Items.PieceBlackBishop
2752	0.01%	Server.Items.PieceBlackKnight
2752	0.01%	Server.Items.PieceBlackRook
2752	0.01%	Server.Items.PieceWhiteBishop
2752	0.01%	Server.Items.PieceWhiteKnight
2752	0.01%	Server.Items.PieceWhiteRook
2743	0.01%	Server.Items.BaseCloak
2682	0.01%	Server.Items.Keg
2659	0.01%	Server.Items.Cloak
2648	0.01%	Server.Items.FishingPole
2581	0.01%	Server.Factions.BaseSystemController
2566	0.01%	Server.Items.Brazier
2550	0.01%	Server.Items.PottedPlant1
2424	0.01%	Server.Items.LightSource
2401	0.01%	Server.Items.AnvilEastAddon
2289	0.01%	Server.Items.Stool
2244	0.01%	Server.Items.PentagramAddon
2155	0.01%	Server.Items.Spellbook
2154	0.01%	Server.Items.BarredMetalDoor2
2136	0.01%	Server.Items.RingmailChest
2063	0.01%	Server.Items.SpellScroll
2025	0.01%	Server.Items.AnvilSouthAddon
2002	0.01%	Server.Items.BaseShield
1971	0.01%	Server.Items.MorphItem
1936	0.01%	Server.Items.FireColumnTrap
1876	0.01%	Server.Items.Longsword
1866	0.01%	Server.Items.GasTrap
1756	0.01%	Server.Items.LeatherGorget
1730	0.01%	Server.Items.RawRibs
1729	0.01%	Server.Items.StoneOvenEastAddon
1722	0.01%	Server.Items.Jug
1686	0.01%	Server.Items.SmallForgeAddon
1664	0.01%	Server.Items.Basket
1624	0.01%	Server.Items.SackFlour
1617	0.01%	Server.Items.StoneOvenSouthAddon
1580	0.01%	Server.Factions.BaseMonolith
1575	0.01%	Server.Items.MetalBox
1574	0.01%	Server.Engines.CannedEvil.ChampionAltar
1541	0.01%	Server.Items.FeatheredHat
1522	0.01%	Server.Items.BaseDecorationArtifact
1520	0.01%	Server.Items.IronGate
1508	0.01%	Server.Items.LightWoodDoor
1445	0.01%	Server.Items.Scissors
1440	0.01%	Server.Items.Forge
1434	0.01%	Server.Items.SecretDungeonDoor
1376	0.01%	Server.Items.PieceBlackKing
1376	0.01%	Server.Items.PieceBlackQueen
1376	0.01%	Server.Items.PieceWhiteKing
1376	0.01%	Server.Items.PieceWhiteQueen
1372	0.01%	Server.Items.TreasureLevel1
1350	0.01%	Server.Items.PottedPlant2
1328	0.01%	Server.Items.TrainingDummyEastAddon
1280	0.01%	Server.Factions.StrongholdMonolith
1279	0.01%	Server.Items.BaseBulletinBoard
1279	0.01%	Server.Items.BulletinBoard
1274	0.01%	Server.Items.BaseBashing
1270	0.01%	Server.Items.BaseLevelAxe
1270	0.01%	Server.Items.LevelDoubleAxe
1260	0.01%	Server.Items.Torch
1258	0.01%	Server.Items.Peach
1248	0.01%	Server.Items.Dices
1236	0.01%	Server.Items.Bone
1233	0.01%	Server.Items.LoomSouthAddon
1222	0.01%	Server.Items.Apple
1198	0.01%	Server.Items.WideBrimHat
1195	0.01%	Server.Items.WizardsHat
1147	0.01%	Server.Items.CookedBird
1137	0.01%	Server.Items.BaseLevelShield
1128	0.01%	Server.Items.ClockFrame
1120	0.01%	Server.Items.KeywordTeleporter
1116	0.01%	Server.Engines.Quests.Samurai.HaochisTreasureChest
1116	0.01%	Server.Items.BodySash
1116	0.01%	Server.Items.WoodenFootLocker
1108	0.01%	Server.Items.IronGateShort
1058	0.01%	Server.Items.HangingLantern
1034	0.01%	Server.Items.BogleBlood
1028	0.01%	Server.Items.Muffins
1028	0.01%	Server.Items.Nightshade
1026	0.01%	Server.Items.LargeBedSouthAddon
1025	0.01%	Server.Items.TribalBerry
1016	0.01%	Server.Items.Pickaxe
1015	0.01%	Server.Items.PottedTree
1014	0.01%	Server.Items.SmallBedEastAddon
1004	0.01%	Server.Items.Moongate
1003	0.01%	Server.Items.SpinningwheelSouthAddon
986	0.01%	Server.Items.FancyDress
984	0.01%	Server.Items.RawBird
975	0.01%	Server.Items.StealableArtifactsSpawner
970	0.01%	Server.Items.BonePile
964	0.01%	Server.Items.SpidersSilk
959	0.01%	Server.Items.Ginseng
954	0.01%	Server.Items.DoctorsLabCoat
953	0.01%	Server.Items.Garlic
952	0.01%	Server.Items.BaseSpear
948	0.01%	Server.Items.LoomEastAddon
941	0.01%	Server.Items.Dagger
928	0.00%	Server.Items.LargeBedEastAddon
925	0.00%	Server.Items.MandrakeRoot
893	0.00%	Server.Items.MarkContainer
893	0.00%	Server.Items.SulfurousAsh
891	0.00%	Server.Items.BaseTreasureChest
891	0.00%	Server.Items.PuzzleChest
888	0.00%	Server.Items.Clock
868	0.00%	Server.Regions.SpawnPersistence
864	0.00%	Server.Items.ClockParts
864	0.00%	Server.Items.Gears
834	0.00%	Server.Items.SkeletalSkull
832	0.00%	Server.Items.LesserHealPotion
828	0.00%	Server.Items.WoodenBox
824	0.00%	Server.Items.SkeletalShield
810	0.00%	Server.Items.Arrow
810	0.00%	Server.Items.StrawHat
808	0.00%	Server.Items.BlackPearl
801	0.00%	Server.Items.Bloodmoss
800	0.00%	Server.Items.PublicMoongate
788	0.00%	Server.Items.BaseRegentSeed
785	0.00%	Server.Items.EffectController
782	0.00%	Server.Items.ShadeMist
775	0.00%	Server.Items.SkeletalGloves
768	0.00%	Server.Items.AxleGears
760	0.00%	Server.Items.SkeletalChest
757	0.00%	Server.Items.SpinningwheelEastAddon
748	0.00%	Server.Items.SkeletalLegs
744	0.00%	Server.Items.FlameSpurtTrap
742	0.00%	Server.Items.SkeletalArms
740	0.00%	Server.Items.Cake
740	0.00%	Server.Items.RoastPig
740	0.00%	Server.Items.Tunic
739	0.00%	Server.Items.MetalGoldenPuzzleChest
738	0.00%	Server.Forums.ForumBulletinBoard
738	0.00%	Server.Items.WallTorch
731	0.00%	Server.Items.Bandana
720	0.00%	Server.Items.Springs
718	0.00%	Server.Items.PlateArms
698	0.00%	Server.Items.GroupDungeonExit
698	0.00%	Server.Items.WaterTroughSouthAddon
695	0.00%	Server.Items.StoneFireplaceEastAddon
692	0.00%	Server.Items.StoneFireplaceSouthAddon
690	0.00%	Server.Items.BasePoleArm
688	0.00%	Server.Items.TrainingDummySouthAddon
682	0.00%	Server.Items.BankBox
677	0.00%	Server.Items.DyeTub
672	0.00%	Server.Items.SextantParts
670	0.00%	Server.Items.Throne
663	0.00%	Server.Items.AnkhWest
663	0.00%	Server.Items.AnkhWest+InternalItem
659	0.00%	Server.Items.SuggestionBox
656	0.00%	Server.Items.SkeletalBlade
652	0.00%	Server.Items.Katana
652	0.00%	Server.Items.PlateLegs
648	0.00%	Server.Items.LeatherCap
632	0.00%	Server.Items.BaseInstrument
587	0.00%	Server.Engines.CannedEvil.IdolOfTheChampion
584	0.00%	Server.Items.MushroomTrap
574	0.00%	Server.Items.SamuraiTabi
571	0.00%	Server.Items.VikingSword
568	0.00%	Server.Items.StoneFountainAddon
564	0.00%	Server.Engines.Doom.GauntletSpawner
556	0.00%	Server.Items.Ham
540	0.00%	Server.Items.TreasureLevel2
536	0.00%	Server.Factions.Sigil
533	0.00%	Server.Items.PlateChest
521	0.00%	Server.Items.Sausage
519	0.00%	Server.Items.AnkhEast
519	0.00%	Server.Items.AnkhEast+InternalItem
518	0.00%	Server.Items.WarningItem
510	0.00%	Server.Items.LeatherGloves
510	0.00%	Server.Items.WoodenThrone
495	0.00%	Server.Items.Amethyst
493	0.00%	Server.Items.PlateGloves
485	0.00%	Server.Items.GroupDungeonStone
482	0.00%	Server.Items.Broadsword
480	0.00%	Server.Items.HeatingStand
480	0.00%	Server.Items.RibCage
480	0.00%	Server.Items.TreasureLevel4
469	0.00%	Server.Items.Amber
466	0.00%	Server.Items.Emerald
464	0.00%	Server.Items.BlackStaff
464	0.00%	Server.Items.WaterTroughEastAddon
462	0.00%	Server.Items.LeatherLegs
462	0.00%	Server.Items.OrcHelm
447	0.00%	Server.Items.Kasa
446	0.00%	Server.Items.HoodedShroudOfShadows
446	0.00%	Server.Items.VoteShroud
441	0.00%	Server.Items.BaseEarrings
441	0.00%	Server.Items.HakamaShita
441	0.00%	Server.Items.SilverEarrings
441	0.00%	Server.Items.VoteEarrings
440	0.00%	Server.Items.TattsukeHakama
436	0.00%	Server.Items.BaseLevelClothing
436	0.00%	Server.Items.BaseLevelHat
436	0.00%	Server.Items.ExpToken
436	0.00%	Server.Items.LevelTribalMask
434	0.00%	Server.Items.LeatherDo
434	0.00%	Server.Items.LeatherHiroSode
432	0.00%	Server.Items.Scales
426	0.00%	Server.Items.BulletinMessage
424	0.00%	Server.Items.Axe
424	0.00%	Server.Items.TreasureLevel3
422	0.00%	Server.Factions.FactionPersistance
422	0.00%	Server.Items.SkullCap
418	0.00%	Server.Items.WritingTable
416	0.00%	Server.Items.Citrine
411	0.00%	Server.Items.BaseHarvestTool
411	0.00%	Server.Items.Shovel
408	0.00%	Server.Items.StoneFaceTrap
405	0.00%	Server.Items.Pitchfork
401	0.00%	Server.Mobiles.MountItem
400	0.00%	Server.Items.SecretStoneDoor3
394	0.00%	Server.Items.BaseWand
394	0.00%	Server.Items.LeatherChest
392	0.00%	Server.Items.Bardiche
391	0.00%	Server.Items.Bolt
384	0.00%	Server.Items.CannonComponent
384	0.00%	Server.Items.RawFishSteak
384	0.00%	Server.Items.SerpentPillar
382	0.00%	Server.Items.LevelPlateGloves
373	0.00%	Server.Engines.Quests.Ninja.EminosKatanaChest
372	0.00%	Server.Items.JesusBook
370	0.00%	Server.Items.Dates
370	0.00%	Server.Items.StarSapphire
369	0.00%	Server.Items.Kryss
368	0.00%	Server.Items.Ruby
368	0.00%	Server.Items.TinkerTools
367	0.00%	Server.Items.GroupDungeonTeleporter
364	0.00%	Server.Engines.Quests.Necro.MaabusCoffinComponent
364	0.00%	Server.Items.MeltedWax
363	0.00%	Server.Items.LeatherArms
362	0.00%	Server.Items.BankCheck
360	0.00%	Server.Items.Scimitar
354	0.00%	Server.Engines.CannedEvil.ChampionSkullBrazier
348	0.00%	Server.Items.BaseCannon
347	0.00%	Server.Items.Sapphire
346	0.00%	Server.Items.Key
344	0.00%	Server.Items.DeathRobe
344	0.00%	Server.Items.RejuvinationAddonComponent
338	0.00%	Server.Items.ExecutionersAxe
330	0.00%	Server.Items.SecretStoneDoor2
328	0.00%	Server.Items.FlourMillSouthAddon
328	0.00%	Server.Items.WallSconce
326	0.00%	Server.Items.Dressform
321	0.00%	Server.Items.DungeonDoor
316	0.00%	Server.Items.Cap
313	0.00%	Server.Items.Feather
313	0.00%	Server.Items.LevelBuckler
312	0.00%	Server.Items.SmallBedSouthAddon
309	0.00%	Server.Items.BagOfReagents
308	0.00%	Server.Items.Wakizashi
306	0.00%	Server.Items.SilverRing
304	0.00%	Server.Items.BearMask
304	0.00%	Server.Items.KhaldunPitTeleporter
302	0.00%	Server.Items.PlainDress
300	0.00%	Server.Factions.TownMonolith
296	0.00%	Server.Items.CheeseWedge
296	0.00%	Server.Items.Coconut
296	0.00%	Server.Items.MetalKiteShield
296	0.00%	Server.Items.RawLambLeg
292	0.00%	Server.Items.LevelBoneHelm
292	0.00%	Server.Items.Tourmaline
288	0.00%	Server.Items.Axle
288	0.00%	Server.Items.HornedTribalMask
282	0.00%	Server.Items.BoneGloves
275	0.00%	Server.Items.Torso
272	0.00%	Server.Items.ControlPanel
262	0.00%	Server.Items.BreadLoaf
260	0.00%	Server.Items.SecretWoodenDoor
253	0.00%	Server.Items.LesserCurePotion
252	0.00%	Server.Items.TribalMask
251	0.00%	Server.Engines.CannedEvil.ChampionSpawnController
250	0.00%	Server.Items.DoubleAxe
248	0.00%	Server.Items.WarHammer
247	0.00%	Server.Items.TwoHandedAxe
246	0.00%	Server.Items.SilverBracelet
244	0.00%	Server.Items.Diamond
244	0.00%	Server.Items.FloppyHat
244	0.00%	Server.Items.VoteStone
242	0.00%	Server.Items.BaseDecorationContainerArtifact
240	0.00%	Server.Items.LeftArm
236	0.00%	Server.Items.PickpocketDip
235	0.00%	Server.Engines.Quests.Necro.KronusScrollBox
234	0.00%	Server.Items.Harp
234	0.00%	Server.Items.SandstoneFireplaceSouthAddon
232	0.00%	Server.Items.CannonWest
228	0.00%	Server.Factions.TownStone
227	0.00%	Server.Items.Surcoat
222	0.00%	Server.Items.CheeseWheel
222	0.00%	Server.Items.Pear
219	0.00%	Server.Items.BasePoisonPotion
219	0.00%	Server.Items.LesserPoisonPotion
217	0.00%	Server.Items.Cutlass
217	0.00%	Server.Items.StuddedHaidate
212	0.00%	Server.Items.JesterHat
208	0.00%	Server.Engines.Quests.DynamicTeleporter
208	0.00%	Server.Items.NewPlayerTicket
207	0.00%	Server.Items.AbbatoirAddon
205	0.00%	Server.Items.SewingKit
201	0.00%	Server.Items.BattleAxe
201	0.00%	Server.Items.DartBoard
200	0.00%	Server.Items.SwarmOfFlies
199	0.00%	Server.Items.NightSightPotion
198	0.00%	Server.Items.HintItem
198	0.00%	Server.Items.PainSpikeScroll
198	0.00%	Server.Items.RangerLegs
196	0.00%	Server.Items.Head
195	0.00%	Server.Items.PlateGorget
192	0.00%	Server.Items.Hinge
192	0.00%	Server.Items.Obelisk
192	0.00%	Server.Items.PowerGenerator
192	0.00%	Server.Items.RangerArms
192	0.00%	Server.Items.RangerChest
192	0.00%	Server.Items.RangerGloves
192	0.00%	Server.Items.RangerGorget
192	0.00%	Server.Items.RightArm
190	0.00%	Server.Items.SavageMask
186	0.00%	Server.Items.FemalePlateChest
186	0.00%	Server.Items.StuddedGorget
185	0.00%	Server.Items.LargeForgeEastAddon
184	0.00%	Server.Items.ShortMusicStand
184	0.00%	Server.Items.ShrineOfWisdomComponent
183	0.00%	Server.Items.Spear
181	0.00%	Server.Items.SkinningKnife
178	0.00%	Server.Items.ChaosShield
178	0.00%	Server.Items.OrderShield
177	0.00%	Server.Items.BaseIngot
177	0.00%	Server.Items.IronIngot
177	0.00%	Server.Items.MapItem
177	0.00%	Server.Items.Pike
177	0.00%	Server.Items.TreasureMap
176	0.00%	Server.Items.NoDachi
172	0.00%	Server.Items.BaseRejuvinationAnkh
172	0.00%	Server.Items.BoneLegs
170	0.00%	Server.Items.MagicCrystalBall
169	0.00%	Server.Items.RingmailArms
167	0.00%	Server.Items.FletcherTools
167	0.00%	Server.Items.Saw
165	0.00%	Server.Items.Bonnet
165	0.00%	Server.Items.WarAxe
164	0.00%	Server.Engines.Quests.Samurai.HonorCandle
164	0.00%	Server.Items.CandleLong
161	0.00%	Server.Items.Pouch
160	0.00%	Server.Items.WaterVatEast
160	0.00%	Server.Items.WaterVatSouth
159	0.00%	Server.Items.PlateHelm
158	0.00%	Server.Items.GiantSpikeTrap
158	0.00%	Server.Items.Lute
157	0.00%	Server.Items.Maul
155	0.00%	Server.Items.BlankScroll
155	0.00%	Server.Items.LeatherJingasa
155	0.00%	Server.Items.LeatherSuneate
152	0.00%	Server.Items.StrongBoxPuzzle
151	0.00%	Server.Engines.CannedEvil.ChampionSkullPlatform
150	0.00%	Server.Items.LocalizedAddonComponent
150	0.00%	Server.Items.Scythe
148	0.00%	Server.Items.BaseRefreshPotion
148	0.00%	Server.Items.BoneHelm
148	0.00%	Server.Items.Halberd
148	0.00%	Server.Items.HorseShoe
148	0.00%	Server.Items.RefreshPotion
147	0.00%	Server.Items.PetShrinkPotion
146	0.00%	Server.Items.AgilityPotion
146	0.00%	Server.Items.BaseAgilityPotion
146	0.00%	Server.Items.BaseStrengthPotion
146	0.00%	Server.Items.StrengthPotion
144	0.00%	Server.Engines.Quests.HornOfRetreat
144	0.00%	Server.Engines.Quests.Necro.VaultOfSecretsBarrier
140	0.00%	Server.Items.SkillTeleporter
138	0.00%	Server.Engines.Quests.Ninja.GuardianBarrier
136	0.00%	Server.Items.PickpocketDipSouthAddon
135	0.00%	Server.Items.NecromancerSpellbook
135	0.00%	Server.Items.ShortSpear
134	0.00%	Server.Items.BoneHarvester
132	0.00%	Server.Items.BoneChest
132	0.00%	Server.Items.HorrificBeastScroll
132	0.00%	Server.Items.Lajatang
132	0.00%	Server.Items.WraithFormScroll
131	0.00%	Server.Items.ZombieRot
129	0.00%	Server.Items.ChainChest
128	0.00%	Server.Items.Eggs
128	0.00%	Server.Items.Lockpick
128	0.00%	Server.Items.StoneFaceTrapNoDamage
124	0.00%	Server.Items.ChainHatsuburi
124	0.00%	Server.Items.NorseHelm
122	0.00%	Server.Factions.JoinStone
122	0.00%	Server.Items.BaseNecklace
122	0.00%	Server.Items.GoldNecklace
120	0.00%	Server.Engines.Quests.Necro.CrystalCaveBarrier
117	0.00%	Server.Items.OrcishKinMask
116	0.00%	Server.Items.CannonEast
116	0.00%	Server.Items.FemaleStuddedChest
116	0.00%	Server.Items.Ribs
115	0.00%	Server.Factions.FactionStone
113	0.00%	Server.Items.RecallRune
111	0.00%	Server.Items.Bottle
111	0.00%	Server.Items.Mace
110	0.00%	Server.Items.BaseLeather
108	0.00%	Server.Items.BaseHides
108	0.00%	Server.Items.DeerMask
106	0.00%	Server.Items.TricorneHat
103	0.00%	Server.Items.Dyes
103	0.00%	Server.Items.Kindling
101	0.00%	Server.Items.RepeatingCrossbow
100	0.00%	Server.Items.HarmWand
100	0.00%	Server.Items.LargeBattleAxe
99	0.00%	Server.Items.AnimateDeadScroll
99	0.00%	Server.Items.CurseWeaponScroll
99	0.00%	Server.Items.PoisonStrikeScroll
99	0.00%	Server.Items.StuddedLegs
99	0.00%	Server.Items.VampiricEmbraceScroll
98	0.00%	Server.Items.FireballWand
98	0.00%	Server.Items.IDWand
98	0.00%	Server.Items.RingmailLegs
97	0.00%	Server.Items.SkeletonDust
96	0.00%	Server.Engines.Quests.Haven.UzeraanTurmoilHorn
96	0.00%	Server.Items.ChainLegs
96	0.00%	Server.Items.Dough
95	0.00%	Server.Items.LightPlateJingasa
95	0.00%	Server.Items.Rope
94	0.00%	Server.Items.FlourMillEastAddon
93	0.00%	Server.Items.DecorativePlateKabuto
93	0.00%	Server.Items.ElvenPants
92	0.00%	Server.Items.WarMace
91	0.00%	Server.Items.HammerPick
90	0.00%	Server.Engines.Quests.Necro.DarkTidesTeleporter
90	0.00%	Server.Items.Scepter
89	0.00%	Server.Items.MummyWrap
87	0.00%	Server.Items.WantedCrinminalsDeed
87	0.00%	Server.LevelSystem.LevelControlStone
86	0.00%	Server.Items.RejuvinationAnkhNorth
86	0.00%	Server.Items.RejuvinationAnkhWest
84	0.00%	Server.Items.ElvenBoots
84	0.00%	Server.Items.MortarPestle
84	0.00%	Server.Items.RewardCloak
83	0.00%	Server.Items.DovetailSaw
82	0.00%	Server.Items.Fish
82	0.00%	Server.Items.Shaft
80	0.00%	Server.Items.Board
80	0.00%	Server.Items.Drums
80	0.00%	Server.Items.Tambourine
80	0.00%	Server.Items.TambourineTassel
78	0.00%	Server.Items.LeafGloves
77	0.00%	Server.Items.Lettuce
76	0.00%	Server.Engines.BulkOrders.SmallBOD
76	0.00%	Server.Engines.BulkOrders.SmallSmithBOD
76	0.00%	Server.Items.Tongs
76	0.00%	Server.Items.Turnip
75	0.00%	Server.Engines.Quests.Doom.SummoningAltar
75	0.00%	Server.Engines.Quests.Necro.MaabusCoffin
75	0.00%	Server.Items.ZyronicClaw
74	0.00%	Server.Items.FishSteak
74	0.00%	Server.Items.FrenchBread
74	0.00%	Server.Items.LambLeg
74	0.00%	Server.Items.Lemon
73	0.00%	Server.Items.Leather
72	0.00%	Server.Items.AnimalItemCraftingTools
72	0.00%	Server.Items.Bola
71	0.00%	Server.Engines.Quests.Haven.DaemonBloodChest
71	0.00%	Server.Items.BladeOfTheRighteous
71	0.00%	Server.Items.Hides
71	0.00%	Server.Items.WoodenShield
70	0.00%	Server.Items.TallStrawHat
69	0.00%	Xanthos.JailSystem.JailRock
68	0.00%	Server.Items.MagicArrowScroll
68	0.00%	Server.Items.RaisableItem
67	0.00%	Server.Items.BookOfChivalry
67	0.00%	Server.Items.CureScroll
67	0.00%	Server.Items.FullMagerySpellbook
67	0.00%	Server.Items.MindRotScroll
67	0.00%	Server.Items.OrnateWoodenChest
67	0.00%	Server.Items.TitansHammer
66	0.00%	Server.Items.BloodOathScroll
66	0.00%	Server.Items.EvilOmenScroll
66	0.00%	Server.Items.StrangleScroll
66	0.00%	Server.Items.StuddedBustierArms
66	0.00%	Server.Items.SummonFamiliarScroll
66	0.00%	Server.Items.VengefulSpiritScroll
65	0.00%	Server.Items.GlacialStaff
65	0.00%	Server.Items.Helmet
64	0.00%	Server.Items.BioTool
64	0.00%	Server.Items.CookieMix
64	0.00%	Server.Items.LeafGorget
64	0.00%	Server.Items.PlateHiroSode
63	0.00%	Server.Items.ChainCoif
63	0.00%	Server.Items.LevelChainLegs
62	0.00%	Server.Items.ConfirmationMoongate
62	0.00%	Server.Items.PlateDo
62	0.00%	Server.Items.PlateHaidate
62	0.00%	Server.Items.PlateSuneate
62	0.00%	Server.Items.RingmailGloves
62	0.00%	Server.Items.StrongBackpack
61	0.00%	Server.Items.ElvenShirt
58	0.00%	Server.Items.Hatchet
58	0.00%	Server.Items.MonsterStatuette
58	0.00%	Server.Items.UncutCloth
57	0.00%	Server.Items.GraveDiggersShovel
57	0.00%	Server.Items.Wool
56	0.00%	Server.Items.BioEnginerBook
56	0.00%	Server.Items.InquisitorsResolution
55	0.00%	Server.Items.Log
52	0.00%	Server.Items.BladedStaff
52	0.00%	Server.Items.EnchantedSextant
52	0.00%	Server.Items.StatueEast2
50	0.00%	Server.Items.EarthShard
50	0.00%	Server.Items.RaiseSwitch
50	0.00%	Server.Items.WelcomeSkillBall
49	0.00%	Server.Items.LanternOfSouls
49	0.00%	Server.Items.LightningWand
49	0.00%	Server.Items.ShrineOfWisdomAddon
49	0.00%	Server.Items.WeaknessWand
48	0.00%	Server.Engines.Quests.Necro.DarkTidesHorn
48	0.00%	Server.Engines.Quests.Samurai.HaochisKatanaGenerator
48	0.00%	Server.Items.SheafOfHay
48	0.00%	Server.TMSS.BaseTMSkillItem
47	0.00%	Server.Forums.ForumAdminStone
47	0.00%	Server.Items.Club
46	0.00%	Server.Items.TallMusicStand
46	0.00%	Xanthos.JailSystem.JailTeleporter
45	0.00%	Server.Items.ButcherKnife
45	0.00%	Server.Items.CrescentBlade
44	0.00%	Server.Items.Nunchaku
44	0.00%	Server.Items.Tekagi
43	0.00%	Server.Items.ElvenMachete
42	0.00%	Server.Items.BagOfNecroReagents
42	0.00%	Server.Items.Brush
42	0.00%	Server.Items.CompositeBow
42	0.00%	Server.Items.Skillet
41	0.00%	Server.Items.EasterEggs
41	0.00%	Server.Items.LeatherNinjaBelt
41	0.00%	Server.Items.ScribesPen
41	0.00%	Server.Items.SmoothingPlane
38	0.00%	Server.Items.Onion
38	0.00%	Server.Items.RuneBlade
38	0.00%	Server.Items.SpecialDyeTub
37	0.00%	Server.Items.BronzeShield
37	0.00%	Server.Items.Buckler
37	0.00%	Server.Items.RewardBlackDyeTub
37	0.00%	Server.Items.SpinedHides
37	0.00%	Server.Items.SpinedLeather
36	0.00%	Server.Items.BaseBagBall
36	0.00%	Server.Items.SmallBagBall
35	0.00%	Server.Items.FemaleKimono
35	0.00%	Server.Items.ProtectionScroll
34	0.00%	Server.Engines.Quests.Doom.BellOfTheDead
34	0.00%	Server.Items.ClumsyScroll
34	0.00%	Server.Items.FireballScroll
34	0.00%	Server.Items.FurBoots
34	0.00%	Server.Items.FurSarong
34	0.00%	Server.Items.HarmScroll
34	0.00%	Server.Items.HeaterShield
34	0.00%	Server.Items.Kamishimo
34	0.00%	Server.Items.LightningScroll
34	0.00%	Server.Items.MagicLockScroll
34	0.00%	Server.Items.MagicUnTrapScroll
34	0.00%	Server.Items.NightSightScroll
34	0.00%	Server.Items.Obi
34	0.00%	Server.Items.PoisonFieldScroll
34	0.00%	Server.Items.PoisonScroll
34	0.00%	Server.Items.ReactiveArmorScroll
34	0.00%	Server.Items.WallOfStoneScroll
34	0.00%	Server.Items.Waraji
34	0.00%	Server.Items.WoodenKiteShield
33	0.00%	Server.Items.BaseSuit
33	0.00%	Server.Items.BlessScroll
33	0.00%	Server.Items.CorpseSkinScroll
33	0.00%	Server.Items.DeathShroud
33	0.00%	Server.Items.GreaterHealScroll
33	0.00%	Server.Items.LeatherBustierArms
33	0.00%	Server.Items.LichFormScroll
33	0.00%	Server.Items.MaleKimono
33	0.00%	Server.Items.ManaVampireScroll
33	0.00%	Server.Items.ResurrectionScroll
33	0.00%	Server.Items.StuddedArms
33	0.00%	Server.Items.StuddedGloves
33	0.00%	Server.Items.SummonCreatureScroll
33	0.00%	Server.Items.WitherScroll
32	0.00%	Server.Items.FemaleElvenRobe
32	0.00%	Server.Items.JinBaori
32	0.00%	Server.Items.NinjaTabi
31	0.00%	Server.Items.BatWing
31	0.00%	Server.Items.CloseHelm
31	0.00%	Server.Items.DaemonBlood
31	0.00%	Server.Items.GraveDust
31	0.00%	Server.Items.LeafArms
31	0.00%	Server.Items.LeafChest
31	0.00%	Server.Items.NoxCrystal
31	0.00%	Server.Items.PigIron
31	0.00%	Server.Items.PlateMempo
31	0.00%	Server.Items.StandardPlateKabuto
30	0.00%	Server.Engines.Quests.Ninja.GreenNinjaQuestTeleporter
30	0.00%	Server.Engines.Quests.Ninja.WhiteNinjaQuestTeleporter
30	0.00%	Server.Items.DrakovsJournal
30	0.00%	Server.Items.FropozJournal
30	0.00%	Server.Items.KaburJournal
30	0.00%	Server.Items.TranslatedGargoyleJournal
29	0.00%	Server.Engines.Quests.Haven.UzeraanTurmoilTeleporter
29	0.00%	Server.Engines.Quests.Ninja.BlueNinjaQuestTeleporter
29	0.00%	Server.Items.BaseMagicFish
29	0.00%	Server.Items.BolaBall
29	0.00%	Server.Items.PrizedFish
28	0.00%	Server.Items.BackpackArtifact
28	0.00%	Server.Items.Basket3NorthArtifact
28	0.00%	Server.Items.Basket3WestArtifact
28	0.00%	Server.Items.Basket6Artifact
27	0.00%	Server.Items.Circlet
26	0.00%	Server.Engines.Quests.Doom.GrandGrimoire
26	0.00%	Server.Items.Basket1Artifact
26	0.00%	Server.Items.Basket2Artifact
26	0.00%	Server.Items.Basket4Artifact
26	0.00%	Server.Items.Basket5NorthArtifact
26	0.00%	Server.Items.Basket5WestArtifact
26	0.00%	Server.Items.DisappearingRaiseSwitch
26	0.00%	Server.Items.HousePlacementTool
26	0.00%	Server.Items.TavarasJournal2
26	0.00%	Server.Items.TribalPaint
25	0.00%	Server.Items.BustSouth
25	0.00%	Server.Items.FireHorn
25	0.00%	Server.Items.TavarasJournal1
25	0.00%	Server.Items.TavarasJournal11
25	0.00%	Server.Items.TavarasJournal3
25	0.00%	Server.Items.TavarasJournal6
25	0.00%	Server.Items.TavarasJournal7
25	0.00%	Server.Items.TavarasJournal8
25	0.00%	Server.Items.TavarasJournal9
24	0.00%	Server.Items.LampPostArtifact
24	0.00%	Server.Items.SkullCandleArtifact
24	0.00%	Server.Mobiles.GenericBuyInfo+DisplayCache
23	0.00%	Server.Items.BloodyWaterArtifact
23	0.00%	Server.Items.BooksFaceDownArtifact
23	0.00%	Server.Items.BooksNorthArtifact
23	0.00%	Server.Items.BooksWestArtifact
23	0.00%	Server.Items.BottleArtifact
23	0.00%	Server.Items.BowlArtifact
23	0.00%	Server.Items.BowlsHorizontalArtifact
23	0.00%	Server.Items.BowlsVerticalArtifact
23	0.00%	Server.Items.BrazierArtifact
23	0.00%	Server.Items.CupsArtifact
23	0.00%	Server.Items.DolphinLeftArtifact
23	0.00%	Server.Items.DolphinRightArtifact
23	0.00%	Server.Items.FanNorthArtifact
23	0.00%	Server.Items.FanWestArtifact
23	0.00%	Server.Items.FlowersArtifact
23	0.00%	Server.Items.GruesomeStandardArtifact
23	0.00%	Server.Items.LeatherTunicArtifact
23	0.00%	Server.Items.ManStatuetteEastArtifact
23	0.00%	Server.Items.Painting1NorthArtifact
23	0.00%	Server.Items.Painting1WestArtifact
23	0.00%	Server.Items.Painting2NorthArtifact
23	0.00%	Server.Items.Painting2WestArtifact
23	0.00%	Server.Items.Painting3Artifact
23	0.00%	Server.Items.Painting4NorthArtifact
23	0.00%	Server.Items.Painting4WestArtifact
23	0.00%	Server.Items.Painting5WestArtifact
23	0.00%	Server.Items.Painting6NorthArtifact
23	0.00%	Server.Items.Painting6WestArtifact
23	0.00%	Server.Items.RockArtifact
23	0.00%	Server.Items.RuinedPaintingArtifact
23	0.00%	Server.Items.SaddleArtifact
23	0.00%	Server.Items.SakeArtifact
23	0.00%	Server.Items.SkinnedDeerArtifact
23	0.00%	Server.Items.SkinnedGoatArtifact
23	0.00%	Server.Items.StretchedHideArtifact
23	0.00%	Server.Items.StuddedLeggingsArtifact
23	0.00%	Server.Items.StuddedTunicArtifact
23	0.00%	Server.Items.SwordDisplay1NorthArtifact
23	0.00%	Server.Items.SwordDisplay1WestArtifact
23	0.00%	Server.Items.SwordDisplay2NorthArtifact
23	0.00%	Server.Items.SwordDisplay2WestArtifact
23	0.00%	Server.Items.SwordDisplay3EastArtifact
23	0.00%	Server.Items.SwordDisplay4NorthArtifact
23	0.00%	Server.Items.SwordDisplay4WestArtifact
23	0.00%	Server.Items.SwordDisplay5WestArtifact
23	0.00%	Server.Items.TarotCardsArtifact
23	0.00%	Server.Items.TripleFanNorthArtifact
23	0.00%	Server.Items.TripleFanWestArtifact
23	0.00%	Server.Items.ZenRock1Artifact
23	0.00%	Server.Items.ZenRock2Artifact
23	0.00%	Server.Items.ZenRock3Artifact
22	0.00%	Server.Items.CocoonArtifact
22	0.00%	Server.Items.DamagedBooksArtifact
22	0.00%	Server.Items.EggCaseArtifact
22	0.00%	Server.Items.Fists
22	0.00%	Server.Items.Painting5NorthArtifact
22	0.00%	Server.Items.SwordDisplay3SouthArtifact
22	0.00%	Server.Items.SwordDisplay5NorthArtifact
22	0.00%	Server.Items.TowerLanternArtifact
21	0.00%	Server.Ethics.EthicsPersistance
21	0.00%	Server.Items.ManStatuetteSouthArtifact
21	0.00%	Server.Items.Sculpture1Artifact
21	0.00%	Server.Items.Sculpture2Artifact
21	0.00%	Server.Items.TeapotNorthArtifact
21	0.00%	Server.Items.TeapotWestArtifact
21	0.00%	Server.Items.Urn1Artifact
21	0.00%	Server.Items.Urn2Artifact
