# Profile of world mobiles
# Generated on 4/12/2009 2:54:19 AM


3957063	25.70%	Server.Mobile
3936609	25.57%	Server.Mobiles.BaseCreature
2806409	18.23%	Server.Mobiles.BaseVendor
324622	2.11%	Server.Mobiles.BaseGuildmaster
200343	1.30%	Server.Mobiles.Lizardman
178357	1.16%	Server.Mobiles.Banker
132185	0.86%	Server.Mobiles.BaseHealer
127296	0.83%	Server.Mobiles.Snake
117294	0.76%	Server.Mobiles.InnKeeper
109338	0.71%	Server.Mobiles.Alchemist
101110	0.66%	Server.Mobiles.Healer
93353	0.61%	Server.Mobiles.Weaponsmith
92312	0.60%	Server.Mobiles.Armorer
91116	0.59%	Server.Mobiles.Provisioner
89626	0.58%	Server.Mobiles.Cobbler
86925	0.56%	Server.Mobiles.Minter
81120	0.53%	Server.Mobiles.Tailor
81101	0.53%	Server.Mobiles.Weaver
80897	0.53%	Server.Mobiles.Fisherman
78886	0.51%	Server.Mobiles.Mage
75371	0.49%	Server.Mobiles.StrongMongbat
73723	0.48%	Server.Mobiles.DeathwatchBeetleHatchling
72921	0.47%	Server.Mobiles.Butcher
71503	0.46%	Server.Mobiles.AnimalTrainer
68579	0.45%	Server.Mobiles.ShadowWisp
67533	0.44%	Server.Mobiles.HealerGuildmaster
67204	0.44%	Server.Mobiles.TavernKeeper
66223	0.43%	Server.Mobiles.Pixie
66111	0.43%	Server.Mobiles.Barkeeper
66006	0.43%	Server.Mobiles.Waiter
66005	0.43%	Server.Mobiles.Cook
63436	0.41%	Server.Mobiles.Blacksmith
61187	0.40%	Server.Mobiles.BaseEscortable
58116	0.38%	Server.Mobiles.Imp
55829	0.36%	Server.Mobiles.Baker
54883	0.36%	Server.Mobiles.TailorGuildmaster
54761	0.36%	Server.Mobiles.MageGuildmaster
50933	0.33%	Server.Engines.Quests.BaseQuester
46202	0.30%	Server.Mobiles.Hind
45747	0.30%	Server.Mobiles.Carpenter
45094	0.29%	Server.Mobiles.RealEstateBroker
44635	0.29%	Server.Mobiles.BlacksmithGuildmaster
44531	0.29%	Server.Mobiles.Architect
43661	0.28%	Server.Mobiles.Shipwright
43053	0.28%	Server.Mobiles.Jeweler
42476	0.28%	Server.Mobiles.Mapmaker
41071	0.27%	Server.Mobiles.Bird
37783	0.25%	Server.Mobiles.Herbalist
36843	0.24%	Server.Mobiles.Tinker
36689	0.24%	Server.Mobiles.Tanner
36455	0.24%	Server.Mobiles.Furtrader
34729	0.23%	Server.Mobiles.Scribe
34209	0.22%	Server.Mobiles.CustomHairstylist
32912	0.21%	Server.Mobiles.Bowyer
30481	0.20%	Server.Mobiles.TinkerGuildmaster
29436	0.19%	Server.Mobiles.Bogle
28528	0.19%	Server.Mobiles.EscortableMage
27630	0.18%	Server.Mobiles.TalkingBaseCreature
27630	0.18%	Server.Mobiles.XmlQuestNPC
27470	0.18%	Server.Mobiles.Wraith
26600	0.17%	Server.Mobiles.Ghoul
26091	0.17%	Server.Mobiles.Shade
25558	0.17%	Server.Mobiles.SkeletalWarrior
24156	0.16%	Server.Mobiles.Spectre
22065	0.14%	Server.Mobiles.WarriorGuildmaster
21422	0.14%	Server.Mobiles.Farmer
19720	0.13%	Server.Mobiles.SeekerOfAdventure
15911	0.10%	Server.Mobiles.MinerGuildmaster
15230	0.10%	Server.Mobiles.Cat
14652	0.10%	Server.Mobiles.BaseHire
14202	0.09%	Server.Mobiles.Doctor
13719	0.09%	Server.Mobiles.DruidVendor
13686	0.09%	Server.SpellCrafting.Mobiles.SpellCrafter
13353	0.09%	Server.Mobiles.GraveDigger
13202	0.09%	Server.Mobiles.Goat
13200	0.09%	Server.Mobiles.Boar
12939	0.08%	Server.Mobiles.Noble
12672	0.08%	Server.Mobiles.Publisher
12602	0.08%	Server.Mobiles.WanderingHealer
12417	0.08%	Server.Mobiles.BardGuildmaster
12277	0.08%	Server.Mobiles.AnimalBreeder
12238	0.08%	Server.Mobiles.AnimalCrafter
11894	0.08%	Server.Mobiles.TownCrier
11083	0.07%	Server.Mobiles.QuestGiver
10553	0.07%	Server.Mobiles.wSherif
10257	0.07%	Server.Engines.Quests.Samurai.HaochisGuardsman
10155	0.07%	Server.Mobiles.ShepherdsSheep
10034	0.07%	Server.Custom.TreasureHunter
9755	0.06%	Server.Mobiles.BaseMount
9278	0.06%	Server.Mobiles.Bard
9238	0.06%	Server.Mobiles.Dog
8688	0.06%	Server.Mobiles.FisherGuildmaster
8560	0.06%	Server.Mobiles.PlayerMobile
8380	0.05%	Server.Engines.Quests.Ninja.HiddenFigure
7700	0.05%	Server.Mobiles.BaseWarHorse
7700	0.05%	Server.Mobiles.SkeletalHorse
7299	0.05%	Server.Mobiles.Rat
7045	0.05%	Server.Engines.Quests.Naturalist.Naturalist
6674	0.04%	Server.Mobiles.FortuneTeller
5821	0.04%	Server.Mobiles.MerchantGuildmaster
5746	0.04%	Server.Mobiles.BaseShieldGuard
4683	0.03%	Server.Mobiles.Sheep
4452	0.03%	Server.Mobiles.ThiefGuildmaster
4438	0.03%	Server.Mobiles.KeeperOfChivalry
4410	0.03%	Server.Mobiles.GypsyAnimalTrainer
4308	0.03%	Server.Mobiles.GypsyBanker
4246	0.03%	Server.Mobiles.Beekeeper
4231	0.03%	Server.Mobiles.WoodElfFighter
4211	0.03%	Server.Mobiles.BaseCannonGuard
3602	0.02%	Server.Engines.Quests.Collector.Impresario
3593	0.02%	Server.Engines.Quests.Haven.MansionGuard
2975	0.02%	Server.Mobiles.RangerGuildmaster
2875	0.02%	Server.Mobiles.ChaosGuard
2873	0.02%	Server.Mobiles.HireBeggar
2871	0.02%	Server.Mobiles.OrderGuard
2819	0.02%	Server.Mobiles.Veterinarian
2810	0.02%	Server.Mobiles.CannonGuardWest
2243	0.01%	Server.Mobiles.HireRanger
2212	0.01%	Server.Mobiles.HireRangerArcher
2180	0.01%	Server.Mobiles.HolyMage
2164	0.01%	Server.Mobiles.HireBard
2135	0.01%	Server.Mobiles.GypsyMaiden
2055	0.01%	Server.Mobiles.Horse
2007	0.01%	Server.Mobiles.ShepherdsDog
2004	0.01%	Server.Mobiles.Skeleton
1494	0.01%	Server.Mobiles.HireFighter
1480	0.01%	Server.Engines.Quests.Hag.Blackheart
1476	0.01%	Server.Mobiles.HireThief
1465	0.01%	Server.Mobiles.HireSailor
1430	0.01%	Server.Engines.Quests.Ambitious.BaseAmbitiousSolenQueen
1422	0.01%	Server.Engines.Quests.Hag.Grizelda
1416	0.01%	Server.Engines.Quests.Matriarch.BaseSolenMatriarch
1401	0.01%	Server.Mobiles.CannonGuardEast
1342	0.01%	Server.Mobiles.PackHorse
1332	0.01%	Server.Mobiles.Zombie
747	0.00%	Server.Engines.Quests.Collector.ElwoodMcCarrin
747	0.00%	Server.Mobiles.Shepherd
745	0.00%	Server.Engines.Quests.Samurai.Haochi
742	0.00%	Server.Engines.Quests.Necro.Mardoth
739	0.00%	Server.Engines.Quests.Ninja.Zoel
734	0.00%	Server.Engines.Quests.Collector.GabrielPiete
732	0.00%	Server.Engines.Quests.Haven.Schmendrick
731	0.00%	Server.Engines.Quests.Collector.AlbertaGiacco
729	0.00%	Server.Engines.Quests.Ninja.Emino
725	0.00%	Server.Engines.Quests.Collector.TomasONeerlan
725	0.00%	Server.Engines.Quests.Necro.Horus
725	0.00%	Server.Mobiles.HireMage
723	0.00%	Server.Engines.Quests.Haven.Dryad
723	0.00%	Server.Engines.Quests.Haven.Uzeraan
721	0.00%	Server.Mobiles.VarietyDealer
720	0.00%	Server.Mobiles.SkeletalGod
716	0.00%	Server.Mobiles.IharaSoko
716	0.00%	Server.Mobiles.PricedHealer
715	0.00%	Server.Engines.Quests.Ambitious.BlackAmbitiousSolenQueen
715	0.00%	Server.Engines.Quests.Ambitious.RedAmbitiousSolenQueen
715	0.00%	Server.Engines.Quests.Samurai.Relnia
713	0.00%	Server.Engines.Quests.Doom.Victoria
708	0.00%	Server.Engines.Quests.Matriarch.BlackSolenMatriarch
708	0.00%	Server.Engines.Quests.Matriarch.RedSolenMatriarch
708	0.00%	Server.Engines.Quests.Ninja.JedahEntille
696	0.00%	Xanthos.JailSystem.JailSlaveDriver
693	0.00%	Server.Mobiles.StoneCrafter
692	0.00%	Server.Engines.Quests.Zento.AnsellaGryen
690	0.00%	Server.Mobiles.Glassblower
685	0.00%	Server.Engines.Quests.Ninja.EnshroudedFigure
681	0.00%	Server.Mobiles.DarknightCreeper
679	0.00%	Server.Mobiles.RatLord
672	0.00%	Server.Engines.Quests.Samurai.FierceDragon
672	0.00%	Server.Mobiles.RatmanMage
669	0.00%	Server.Engines.Quests.Samurai.DeadlyImp
667	0.00%	Server.Mobiles.Mummy
658	0.00%	Server.Mobiles.Gorilla
