Redundant compile for packet Server.Engines.PartySystem.PartyMemberList, use Acquire() and Release()
   at Server.Network.Packet.Compile(Boolean compress, Int32& length)
   at Server.Network.NetState.Send(Packet p)
   at Server.Mobile.Send(Packet p, Boolean throwOnOffline)
   at Server.Mobile.Send(Packet p)
   at Server.Engines.PartySystem.Party.Add(Mobile m)
   at Server.Engines.PartySystem.Party.OnAccept(Mobile from, Boolean force)
   at Server.Engines.PartySystem.Chat3Party.OnAccept(Mobile from, Mobile sentLeader)
   at Server.Network.PacketHandlers.PartyMessage_Accept(NetState state, PacketReader pvSrc)
   at Server.Network.PacketHandlers.PartyMessage(NetState state, PacketReader pvSrc)
   at Server.Network.PacketHandlers.ExtendedCommand(NetState state, PacketReader pvSrc)
   at Server.Network.MessagePump.HandleReceive(NetState ns)
   at Server.Network.MessagePump.Slice()
   at Server.Core.Main(String[] args)

Redundant compile for packet Server.Engines.PartySystem.PartyMemberList, use Acquire() and Release()
   at Server.Network.Packet.Compile(Boolean compress, Int32& length)
   at Server.Network.NetState.Send(Packet p)
   at Server.Mobile.Send(Packet p, Boolean throwOnOffline)
   at Server.Mobile.Send(Packet p)
   at Server.Engines.PartySystem.Party.Add(Mobile m)
   at Server.Engines.PartySystem.Party.OnAccept(Mobile from, Boolean force)
   at Server.Engines.PartySystem.Chat3Party.OnAccept(Mobile from, Mobile sentLeader)
   at Server.Network.PacketHandlers.PartyMessage_Accept(NetState state, PacketReader pvSrc)
   at Server.Network.PacketHandlers.PartyMessage(NetState state, PacketReader pvSrc)
   at Server.Network.PacketHandlers.ExtendedCommand(NetState state, PacketReader pvSrc)
   at Server.Network.MessagePump.HandleReceive(NetState ns)
   at Server.Network.MessagePump.Slice()
   at Server.Core.Main(String[] args)

Redundant compile for packet Server.Engines.PartySystem.PartyMemberList, use Acquire() and Release()
   at Server.Network.Packet.Compile(Boolean compress, Int32& length)
   at Server.Network.NetState.Send(Packet p)
   at Server.Mobile.Send(Packet p, Boolean throwOnOffline)
   at Server.Mobile.Send(Packet p)
   at Server.Engines.PartySystem.Party.Add(Mobile m)
   at Server.Engines.PartySystem.Party.OnAccept(Mobile from, Boolean force)
   at Server.Engines.PartySystem.Chat3Party.OnAccept(Mobile from, Mobile sentLeader)
   at Server.Network.PacketHandlers.PartyMessage_Accept(NetState state, PacketReader pvSrc)
   at Server.Network.PacketHandlers.PartyMessage(NetState state, PacketReader pvSrc)
   at Server.Network.PacketHandlers.ExtendedCommand(NetState state, PacketReader pvSrc)
   at Server.Network.MessagePump.HandleReceive(NetState ns)
   at Server.Network.MessagePump.Slice()
   at Server.Core.Main(String[] args)

Redundant compile for packet Server.Engines.PartySystem.PartyMemberList, use Acquire() and Release()
   at Server.Network.Packet.Compile(Boolean compress, Int32& length)
   at Server.Network.NetState.Send(Packet p)
   at Server.Mobile.Send(Packet p, Boolean throwOnOffline)
   at Server.Mobile.Send(Packet p)
   at Server.Engines.PartySystem.Party.Add(Mobile m)
   at Server.Engines.PartySystem.Party.OnAccept(Mobile from, Boolean force)
   at Server.Engines.PartySystem.Chat3Party.OnAccept(Mobile from, Mobile sentLeader)
   at Server.Network.PacketHandlers.PartyMessage_Accept(NetState state, PacketReader pvSrc)
   at Server.Network.PacketHandlers.PartyMessage(NetState state, PacketReader pvSrc)
   at Server.Network.PacketHandlers.ExtendedCommand(NetState state, PacketReader pvSrc)
   at Server.Network.MessagePump.HandleReceive(NetState ns)
   at Server.Network.MessagePump.Slice()
   at Server.Core.Main(String[] args)

Redundant compile for packet Server.Engines.PartySystem.PartyMemberList, use Acquire() and Release()
   at Server.Network.Packet.Compile(Boolean compress, Int32& length)
   at Server.Network.NetState.Send(Packet p)
   at Server.Mobile.Send(Packet p, Boolean throwOnOffline)
   at Server.Mobile.Send(Packet p)
   at Server.Engines.PartySystem.Party.Add(Mobile m)
   at Server.Engines.PartySystem.Party.OnAccept(Mobile from, Boolean force)
   at Server.Engines.PartySystem.Chat3Party.OnAccept(Mobile from, Mobile sentLeader)
   at Server.Network.PacketHandlers.PartyMessage_Accept(NetState state, PacketReader pvSrc)
   at Server.Network.PacketHandlers.PartyMessage(NetState state, PacketReader pvSrc)
   at Server.Network.PacketHandlers.ExtendedCommand(NetState state, PacketReader pvSrc)
   at Server.Network.MessagePump.HandleReceive(NetState ns)
   at Server.Network.MessagePump.Slice()
   at Server.Core.Main(String[] args)

Redundant compile for packet Server.Network.MobileAttributesN, use Acquire() and Release()
   at Server.Network.Packet.Compile(Boolean compress, Int32& length)
   at Server.Network.NetState.Send(Packet p)
   at Server.Mobile.Send(Packet p, Boolean throwOnOffline)
   at Server.Mobile.Send(Packet p)
   at Server.Engines.PartySystem.Party.Add(Mobile m)
   at Server.Engines.PartySystem.Party.OnAccept(Mobile from, Boolean force)
   at Server.Engines.PartySystem.Chat3Party.OnAccept(Mobile from, Mobile sentLeader)
   at Server.Network.PacketHandlers.PartyMessage_Accept(NetState state, PacketReader pvSrc)
   at Server.Network.PacketHandlers.PartyMessage(NetState state, PacketReader pvSrc)
   at Server.Network.PacketHandlers.ExtendedCommand(NetState state, PacketReader pvSrc)
   at Server.Network.MessagePump.HandleReceive(NetState ns)
   at Server.Network.MessagePump.Slice()
   at Server.Core.Main(String[] args)

Redundant compile for packet Server.Engines.PartySystem.PartyMemberList, use Acquire() and Release()
   at Server.Network.Packet.Compile(Boolean compress, Int32& length)
   at Server.Network.NetState.Send(Packet p)
   at Server.Mobile.Send(Packet p, Boolean throwOnOffline)
   at Server.Mobile.Send(Packet p)
   at Server.Engines.PartySystem.Party.Add(Mobile m)
   at Server.Engines.PartySystem.Party.OnAccept(Mobile from, Boolean force)
   at Server.Engines.PartySystem.Chat3Party.OnAccept(Mobile from, Mobile sentLeader)
   at Server.Network.PacketHandlers.PartyMessage_Accept(NetState state, PacketReader pvSrc)
   at Server.Network.PacketHandlers.PartyMessage(NetState state, PacketReader pvSrc)
   at Server.Network.PacketHandlers.ExtendedCommand(NetState state, PacketReader pvSrc)
   at Server.Network.MessagePump.HandleReceive(NetState ns)
   at Server.Network.MessagePump.Slice()
   at Server.Core.Main(String[] args)

