# Object count table generated on 4/12/2009 2:54:04 AM


# Items:
25297	19.81%	Server.Items.Static
12910	10.11%	Server.Items.Backpack
4967	3.89%	Server.Mobiles.PremiumSpawner
4768	3.73%	Server.Items.Gold
2852	2.23%	Server.Items.LibraryBookcase
2511	1.97%	Server.Items.DarkWoodDoor
2409	1.89%	Server.Items.AddonComponent
2281	1.79%	Server.Items.Shoes
2039	1.60%	Server.Items.Barrel
1550	1.21%	Server.Items.RedBook
1539	1.21%	Server.Items.WoodenChair
1482	1.16%	Server.Items.BlueBook
1383	1.08%	Server.Items.Teleporter
1363	1.07%	Server.Items.ShortPants
1359	1.06%	Server.Mobiles.Spawner
1352	1.06%	Server.Items.FancyShirt
1336	1.05%	Server.Items.BambooChair
1298	1.02%	Server.Items.Shirt
1240	0.97%	Server.Items.Doublet
1026	0.80%	Server.Items.LargeCrate
1014	0.79%	Server.Items.LongPants
990	0.78%	Server.Items.Skirt
987	0.77%	Server.Items.PieceBlackChecker
987	0.77%	Server.Items.PieceWhiteChecker
970	0.76%	Server.Items.CandleLarge
967	0.76%	Server.Items.CandelabraStand
965	0.76%	Server.Items.Sandals
902	0.71%	Server.Items.LocalizedSign
873	0.68%	Server.Items.Plate
827	0.65%	Server.Items.FillableBarrel
805	0.63%	Server.Items.HalfApron
779	0.61%	Server.Items.Robe
673	0.53%	Server.Items.Drawer
670	0.52%	Server.Items.Knife
665	0.52%	Server.Items.FillableLargeCrate
663	0.52%	Server.Items.Fork
630	0.49%	Server.Items.BloodMossPlant
630	0.49%	Server.Items.GarlicPlant
630	0.49%	Server.Items.GinsengPlant
630	0.49%	Server.Items.MandrakePlant
630	0.49%	Server.Items.NightshadePlant
630	0.49%	Server.Items.SpiderWeb
623	0.49%	Server.Items.Kilt
554	0.43%	Server.Items.Spoon
527	0.41%	Server.Items.WoodenBench
506	0.40%	Server.Items.LampPost1
500	0.39%	Server.Items.PewterMug
485	0.38%	Server.Items.PottedTree1
483	0.38%	Server.Items.LampPost3
483	0.38%	Server.Items.WoodenChest
478	0.37%	Server.Items.BeverageBottle
465	0.36%	Server.Items.MyStory
464	0.36%	Server.Items.MediumCrate
447	0.35%	Server.Items.MetalGoldenChest
440	0.34%	Server.Items.Boots
435	0.34%	Server.Items.DimensionalTravel
433	0.34%	Server.Items.SongOfSamlethe
432	0.34%	Server.Items.MajorTradeAssociation
428	0.34%	Server.Items.ArmsAndWeaponsPrimer
427	0.33%	Server.Items.TalkingToWisps
427	0.33%	Server.Items.WoodenChairCushion
426	0.33%	Server.Items.TamingDragons
422	0.33%	Server.Items.MetalDoor2
421	0.33%	Server.Items.TaleOfThreeTribes
419	0.33%	Server.Items.BurningOfTrinsic
416	0.33%	Server.Items.CallToAnarchy
416	0.33%	Server.Items.ChildrenTalesVol2
415	0.32%	Server.Items.DeceitDungeonOfHorror
414	0.32%	Server.Items.BritannianFlora
408	0.32%	Server.Items.TalesOfVesperVol1
407	0.32%	Server.Items.RankingsOfTrades
406	0.32%	Server.Items.BirdsOfBritannia
406	0.32%	Server.Items.GrammarOfOrcish
403	0.32%	Server.Items.TheFight
398	0.31%	Server.Items.GuideToGuilds
398	0.31%	Server.Items.QuestOfVirtues
396	0.31%	Server.Items.RegardingLlamas
393	0.31%	Server.Items.CeramicMug
392	0.31%	Server.Items.EthicalHedonism
387	0.30%	Server.Items.LifeOfATravellingMinstrel
385	0.30%	Server.Items.DiversityOfOurLand
382	0.30%	Server.Items.BoldStranger
382	0.30%	Server.Items.VirtueBook
378	0.30%	Server.Items.WildGirlOfTheForest
370	0.29%	Server.Items.MetalChest
366	0.29%	Server.Items.ThighBoots
364	0.29%	Server.Items.TreatiseOnAlchemy
344	0.27%	Server.Items.PieceBlackPawn
344	0.27%	Server.Items.PieceWhitePawn
317	0.25%	Server.Items.Armoire
277	0.22%	Server.Items.StrongWoodDoor
276	0.22%	Server.Items.Bascinet
275	0.22%	Server.Items.FillableMetalBox
268	0.21%	Server.Items.FancyWoodenChairCushion
258	0.20%	Server.Items.FullBookcase
254	0.20%	Server.Items.MetalDoor
242	0.19%	Server.Items.FootStool
230	0.18%	Server.Mobiles.XmlSpawner
213	0.17%	Server.Items.SmithHammer
209	0.16%	Server.Items.BarredMetalDoor
200	0.16%	Server.Items.SHTeleComponent
199	0.16%	Server.Items.Candelabra
194	0.15%	Server.Items.FancyDrawer
192	0.15%	Server.Items.CandleSkull
190	0.15%	Server.Items.Bandage
188	0.15%	Server.Items.PottedPlant
181	0.14%	Server.Items.CurePotion
181	0.14%	Server.Items.HealPotion
175	0.14%	Server.Items.FancyArmoire
171	0.13%	Server.Items.SpikeTrap
167	0.13%	Server.Items.SmallCrate
162	0.13%	Server.Items.Blocker
153	0.12%	Server.Items.SawTrap
140	0.11%	Server.Items.Goblet
129	0.10%	Server.Items.AnvilComponent
128	0.10%	Server.Items.EmptyBookcase
122	0.10%	Server.Items.GoldBracelet
122	0.10%	Server.Items.LampPost2
122	0.10%	Server.Items.Pitcher
120	0.09%	Server.Items.TrainingDummy
116	0.09%	Server.Items.DarkWoodGate
115	0.09%	Server.Items.FishingPole
106	0.08%	Server.Items.GoldRing
106	0.08%	Server.Items.LocalizedStatic
104	0.08%	Server.Items.Cleaver
102	0.08%	Server.Items.PottedPlant1
101	0.08%	Server.Items.FillableWoodenChest
101	0.08%	Server.Items.LightSource
98	0.08%	Server.Items.GnarledStaff
97	0.08%	Server.Items.RattanDoor
97	0.08%	Server.Items.Stool
90	0.07%	Server.Items.GlassMug
90	0.07%	Server.Items.Keg
88	0.07%	Server.Items.Lantern
87	0.07%	Server.Items.Bag
87	0.07%	Server.Items.FullApron
86	0.07%	Server.Items.PieceBlackBishop
86	0.07%	Server.Items.PieceBlackKnight
86	0.07%	Server.Items.PieceBlackRook
86	0.07%	Server.Items.PieceWhiteBishop
86	0.07%	Server.Items.PieceWhiteKnight
86	0.07%	Server.Items.PieceWhiteRook
85	0.07%	Server.Items.FruitBasket
85	0.07%	Server.Items.LightWoodGate
84	0.07%	Server.Items.FillableMetalGoldenChest
82	0.06%	Server.Items.FillableSmallCrate
82	0.06%	Server.Items.ShepherdsCrook
80	0.06%	Server.Items.Grapes
75	0.06%	Server.Items.Cloak
71	0.06%	Server.Items.FireColumnTrap
70	0.05%	Server.Items.AnvilEastAddon
68	0.05%	Server.Items.QuarterStaff
68	0.05%	Server.Items.RingmailChest
65	0.05%	Server.Items.ForgeComponent
64	0.05%	Server.Items.Bow
64	0.05%	Server.Items.GasTrap
63	0.05%	Server.Items.Brazier
62	0.05%	Server.Items.Candle
62	0.05%	Server.Items.Sign
60	0.05%	Server.Items.Forge
60	0.05%	Server.Items.Scissors
59	0.05%	Server.Items.AnvilSouthAddon
58	0.05%	Server.Items.Basket
58	0.05%	Server.Items.FillableMetalChest
58	0.05%	Server.Items.SackFlour
56	0.04%	Server.Items.LeatherGorget
54	0.04%	Server.Items.PottedPlant2
52	0.04%	Server.Items.Dices
51	0.04%	Server.Items.MorphItem
51	0.04%	Server.Items.SecretStoneDoor1
50	0.04%	Server.Items.SHTeleporter
49	0.04%	Server.Items.Backgammon
49	0.04%	Server.Items.RawRibs
49	0.04%	Server.Items.SmallForgeAddon
47	0.04%	Server.Items.ClockFrame
46	0.04%	Server.Items.FillableWoodenBox
45	0.04%	Server.Items.Bone
45	0.04%	Server.Items.StoneOvenEastAddon
43	0.03%	Server.Items.Chessboard
43	0.03%	Server.Items.FeatheredHat
43	0.03%	Server.Items.PieceBlackKing
43	0.03%	Server.Items.PieceBlackQueen
43	0.03%	Server.Items.PieceWhiteKing
43	0.03%	Server.Items.PieceWhiteQueen
42	0.03%	Server.Items.ArcheryButte
42	0.03%	Server.Items.Jug
42	0.03%	Server.Items.Longsword
42	0.03%	Server.Items.PottedTree
42	0.03%	Server.Items.StoneOvenSouthAddon
41	0.03%	Server.Items.TribalBerry
40	0.03%	Server.Items.BonePile
38	0.03%	Server.Items.TrainingDummyEastAddon
37	0.03%	Server.Items.Clock
36	0.03%	Server.Items.ClockParts
36	0.03%	Server.Items.Gears
34	0.03%	Server.Items.Peach
34	0.03%	Server.Items.WizardsHat
33	0.03%	Server.Items.Apple
33	0.03%	Server.Items.BarredMetalDoor2
33	0.03%	Server.Items.BodySash
33	0.03%	Server.Items.WideBrimHat
32	0.03%	Server.Factions.StrongholdMonolith
32	0.03%	Server.Items.AxleGears
32	0.03%	Server.Items.Nightshade
32	0.03%	Server.Items.PublicMoongate
31	0.02%	Server.Items.CookedBird
31	0.02%	Server.Items.Spellbook
30	0.02%	Server.Items.Arrow
30	0.02%	Server.Items.FancyDress
30	0.02%	Server.Items.Garlic
30	0.02%	Server.Items.Ginseng
30	0.02%	Server.Items.SpidersSilk
30	0.02%	Server.Items.Springs
29	0.02%	Server.Items.BulletinBoard
29	0.02%	Server.Items.LoomSouthAddon
29	0.02%	Server.Items.MandrakeRoot
29	0.02%	Server.Items.SpinningwheelSouthAddon
28	0.02%	Server.Items.Muffins
28	0.02%	Server.Items.RawBird
28	0.02%	Server.Items.SextantParts
28	0.02%	Server.Items.SulfurousAsh
28	0.02%	Server.Items.Throne
28	0.02%	Server.Items.Torch
26	0.02%	Server.Items.HangingLantern
26	0.02%	Server.Items.QuestHolder
26	0.02%	Server.Items.SmallBedEastAddon
25	0.02%	Server.Items.AnkhWest
25	0.02%	Server.Items.AnkhWest+InternalItem
25	0.02%	Server.Items.BlackPearl
25	0.02%	Server.Items.Bloodmoss
24	0.02%	Server.Items.FlameSpurtTrap
24	0.02%	Server.Items.Moongate
24	0.02%	Server.Items.StrawHat
23	0.02%	Server.Items.IronGate
23	0.02%	Server.Items.LightWoodDoor
23	0.02%	Server.Items.PlateArms
22	0.02%	Server.Items.BogleBlood
22	0.02%	Server.Items.LargeBedSouthAddon
22	0.02%	Server.Items.LesserHealPotion
22	0.02%	Server.Items.LoomEastAddon
22	0.02%	Server.Items.SecretDungeonDoor
22	0.02%	Server.Items.SpinningwheelEastAddon
22	0.02%	Server.Items.Tunic
22	0.02%	Server.Items.WoodenThrone
21	0.02%	Server.Engines.CannedEvil.ChampionAltar
21	0.02%	Server.Engines.CannedEvil.ChampionPlatform
21	0.02%	Server.Engines.CannedEvil.ChampionSpawn
21	0.02%	Server.Engines.CannedEvil.IdolOfTheChampion
21	0.02%	Server.Items.Bandana
21	0.02%	Server.Items.CheckerBoard
21	0.02%	Server.Items.Dagger
21	0.02%	Server.Items.MushroomTrap
21	0.02%	Server.Items.PlateLegs
20	0.02%	Server.Items.Amethyst
20	0.02%	Server.Items.Cake
20	0.02%	Server.Items.DyeTub
20	0.02%	Server.Items.LargeBedEastAddon
20	0.02%	Server.Items.MetalBox
20	0.02%	Server.Items.Pickaxe
20	0.02%	Server.Items.RibCage
20	0.02%	Server.Items.RoastPig
20	0.02%	Server.Items.TrainingDummySouthAddon
19	0.01%	Server.Items.Amber
19	0.01%	Server.Items.AnkhEast
19	0.01%	Server.Items.AnkhEast+InternalItem
19	0.01%	Server.Items.Emerald
18	0.01%	Server.Items.DoctorsLabCoat
18	0.01%	Server.Items.LeatherCap
18	0.01%	Server.Items.Scales
18	0.01%	Server.Items.StoneFireplaceEastAddon
18	0.01%	Server.Items.StoneFireplaceSouthAddon
18	0.01%	Server.Items.WallTorch
18	0.01%	Server.Items.WaterTroughSouthAddon
18	0.01%	Server.Items.WritingTable
17	0.01%	Server.Forums.ForumBulletinBoard
17	0.01%	Server.Items.Citrine
17	0.01%	Server.Items.IronGateShort
17	0.01%	Server.Items.PlateChest
17	0.01%	Server.Items.SamuraiTabi
17	0.01%	Server.Items.ShadeMist
16	0.01%	Knives.TownHouses.TownHouseSign
16	0.01%	Server.Items.BaseRegentSeed
16	0.01%	Server.Items.KeywordTeleporter
16	0.01%	Server.Items.SuggestionBox
15	0.01%	Server.Items.Bolt
15	0.01%	Server.Items.Ham
15	0.01%	Server.Items.LeatherGloves
15	0.01%	Server.Items.Ruby
15	0.01%	Server.Items.StarSapphire
14	0.01%	Server.Items.Dressform
14	0.01%	Server.Items.Katana
14	0.01%	Server.Items.LeatherDo
14	0.01%	Server.Items.LeatherHiroSode
14	0.01%	Server.Items.LeatherLegs
14	0.01%	Server.Items.LevelDoubleAxe
14	0.01%	Server.Items.MeltedWax
14	0.01%	Server.Items.OrcHelm
14	0.01%	Server.Items.PlateGloves
14	0.01%	Server.Items.Sapphire
14	0.01%	Server.Items.Sausage
14	0.01%	Server.Items.TreasureLevel1
14	0.01%	Server.Mobiles.MountItem
13	0.01%	Server.Items.HakamaShita
13	0.01%	Server.Items.Kasa
13	0.01%	Server.Items.TattsukeHakama
13	0.01%	Server.Items.VikingSword
12	0.01%	Server.Items.Axle
12	0.01%	Server.Items.BankCheck
12	0.01%	Server.Items.HeatingStand
12	0.01%	Server.Items.LeatherChest
12	0.01%	Server.Items.RawFishSteak
12	0.01%	Server.Items.SkeletalSkull
12	0.01%	Server.Items.SkullCap
12	0.01%	Server.Items.Tourmaline
12	0.01%	Server.Items.WaterTroughEastAddon
11	0.01%	Server.Items.Broadsword
11	0.01%	Server.Items.Feather
11	0.01%	Server.Items.JesusBook
11	0.01%	Server.Items.LeatherArms
11	0.01%	Server.Items.ShrinkItem
11	0.01%	Server.Items.SkeletalArms
11	0.01%	Server.Items.SkeletalBlade
11	0.01%	Server.Items.SkeletalChest
11	0.01%	Server.Items.SkeletalGloves
11	0.01%	Server.Items.SkeletalLegs
11	0.01%	Server.Items.SkeletalShield
11	0.01%	Server.Items.Torso
10	0.01%	Server.Items.BankBox
10	0.01%	Server.Items.Dates
10	0.01%	Server.Items.Diamond
10	0.01%	Server.Items.EffectController
10	0.01%	Server.Items.LeftArm
10	0.01%	Server.Items.PentagramAddon
10	0.01%	Server.Items.Shovel
10	0.01%	Server.Items.StoneFaceTrap
10	0.01%	Server.Items.WoodenBox
9	0.01%	Server.Items.BlackStaff
9	0.01%	Server.Items.Cap
9	0.01%	Server.Items.MarkContainer
9	0.01%	Server.Items.Pitchfork
9	0.01%	Server.Items.PlainDress
9	0.01%	Server.Items.TinkerTools
8	0.01%	Server.Factions.Sigil
8	0.01%	Server.Factions.TownMonolith
8	0.01%	Server.Factions.TownStone
8	0.01%	Server.Items.Axe
8	0.01%	Server.Items.Bardiche
8	0.01%	Server.Items.BoneGloves
8	0.01%	Server.Items.CheeseWedge
8	0.01%	Server.Items.Coconut
8	0.01%	Server.Items.DeathRobe
8	0.01%	Server.Items.ExpToken
8	0.01%	Server.Items.GroupDungeonExit
8	0.01%	Server.Items.Hinge
8	0.01%	Server.Items.HornedTribalMask
8	0.01%	Server.Items.KhaldunPitTeleporter
8	0.01%	Server.Items.Kryss
8	0.01%	Server.Items.MetalKiteShield
8	0.01%	Server.Items.Obelisk
8	0.01%	Server.Items.RawLambLeg
8	0.01%	Server.Items.RejuvinationAddonComponent
8	0.01%	Server.Items.RightArm
8	0.01%	Server.Items.SerpentPillar
8	0.01%	Server.Items.ShortMusicStand
8	0.01%	Server.Items.SmallBedSouthAddon
8	0.01%	Server.Items.SwarmOfFlies
8	0.01%	Server.Items.WallSconce
8	0.01%	Server.Items.WarningItem
7	0.01%	Server.Engines.Quests.Necro.MaabusCoffinComponent
7	0.01%	Server.Items.BearMask
7	0.01%	Server.Items.BreadLoaf
7	0.01%	Server.Items.FloppyHat
7	0.01%	Server.Items.FlourMillSouthAddon
7	0.01%	Server.Items.Key
7	0.01%	Server.Items.LesserCurePotion
7	0.01%	Server.Items.NewPlayerTicket
7	0.01%	Server.Items.Scimitar
7	0.01%	Server.Items.StuddedHaidate
7	0.01%	Server.Items.Surcoat
7	0.01%	Server.Items.TribalMask
7	0.01%	Server.Items.Wakizashi
6	0.00%	Server.Engines.CannedEvil.ChampionSkullBrazier
6	0.00%	Server.Engines.Doom.GauntletSpawner
6	0.00%	Server.Engines.Quests.Necro.VaultOfSecretsBarrier
6	0.00%	Server.Engines.Quests.Ninja.GuardianBarrier
6	0.00%	Server.Items.BlankScroll
6	0.00%	Server.Items.CannonComponent
6	0.00%	Server.Items.CheeseWheel
6	0.00%	Server.Items.FemalePlateChest
6	0.00%	Server.Items.GiantSpikeTrap
6	0.00%	Server.Items.Harp
6	0.00%	Server.Items.JesterHat
6	0.00%	Server.Items.LesserPoisonPotion
6	0.00%	Server.Items.LevelPlateGloves
6	0.00%	Server.Items.LevelTribalMask
6	0.00%	Server.Items.NightSightPotion
6	0.00%	Server.Items.PainSpikeScroll
6	0.00%	Server.Items.Pear
6	0.00%	Server.Items.PlateGorget
6	0.00%	Server.Items.RangerArms
6	0.00%	Server.Items.RangerChest
6	0.00%	Server.Items.RangerGloves
6	0.00%	Server.Items.RangerGorget
6	0.00%	Server.Items.RangerLegs
6	0.00%	Server.Items.SandstoneFireplaceSouthAddon
6	0.00%	Server.Items.SecretStoneDoor3
6	0.00%	Server.Items.StoneFountainAddon
6	0.00%	Server.Items.StuddedGorget
6	0.00%	Server.Items.TreasureLevel2
6	0.00%	Server.Items.VoteShroud
5	0.00%	Server.Engines.Quests.Necro.CrystalCaveBarrier
5	0.00%	Server.Items.BoneLegs
5	0.00%	Server.Items.Bonnet
5	0.00%	Server.Items.ChaosShield
5	0.00%	Server.Items.Cutlass
5	0.00%	Server.Items.DartBoard
5	0.00%	Server.Items.DoubleAxe
5	0.00%	Server.Items.ExecutionersAxe
5	0.00%	Server.Items.Head
5	0.00%	Server.Items.IronIngot
5	0.00%	Server.Items.LeatherJingasa
5	0.00%	Server.Items.LeatherSuneate
5	0.00%	Server.Items.Lockpick
5	0.00%	Server.Items.MetalGoldenPuzzleChest
5	0.00%	Server.Items.OrderShield
5	0.00%	Server.Items.PlateHelm
5	0.00%	Server.Items.RingmailArms
5	0.00%	Server.Items.SavageMask
5	0.00%	Server.Items.SecretStoneDoor2
5	0.00%	Server.Items.SewingKit
5	0.00%	Server.Items.SilverRing
5	0.00%	Server.Items.TwoHandedAxe
5	0.00%	Server.Items.VoteEarrings
4	0.00%	Server.Engines.Quests.Samurai.HonorCandle
4	0.00%	Server.Factions.FactionStone
4	0.00%	Server.Factions.JoinStone
4	0.00%	Server.Items.AgilityPotion
4	0.00%	Server.Items.BagOfReagents
4	0.00%	Server.Items.BattleAxe
4	0.00%	Server.Items.BoneChest
4	0.00%	Server.Items.BoneHelm
4	0.00%	Server.Items.Bottle
4	0.00%	Server.Items.CannonWest
4	0.00%	Server.Items.ChainChest
4	0.00%	Server.Items.ChainHatsuburi
4	0.00%	Server.Items.ControlPanel
4	0.00%	Server.Items.Dough
4	0.00%	Server.Items.DungeonDoor
4	0.00%	Server.Items.Dyes
4	0.00%	Server.Items.Eggs
4	0.00%	Server.Items.FletcherTools
4	0.00%	Server.Items.GroupDungeonStone
4	0.00%	Server.Items.GroupDungeonTeleporter
4	0.00%	Server.Items.HintItem
4	0.00%	Server.Items.HorrificBeastScroll
4	0.00%	Server.Items.HorseShoe
4	0.00%	Server.Items.Kindling
4	0.00%	Server.Items.LargeForgeEastAddon
4	0.00%	Server.Items.LevelBoneHelm
4	0.00%	Server.Items.LevelBuckler
4	0.00%	Server.Items.Lute
4	0.00%	Server.Items.MagicCrystalBall
4	0.00%	Server.Items.NoDachi
4	0.00%	Server.Items.NorseHelm
4	0.00%	Server.Items.PickpocketDip
4	0.00%	Server.Items.PickpocketDipSouthAddon
4	0.00%	Server.Items.Pike
4	0.00%	Server.Items.PowerGenerator
4	0.00%	Server.Items.RefreshPotion
4	0.00%	Server.Items.Rope
4	0.00%	Server.Items.Saw
4	0.00%	Server.Items.SecretWoodenDoor
4	0.00%	Server.Items.ShrineOfWisdomComponent
4	0.00%	Server.Items.SilverBracelet
4	0.00%	Server.Items.SkinningKnife
4	0.00%	Server.Items.Spear
4	0.00%	Server.Items.StoneFaceTrapNoDamage
4	0.00%	Server.Items.StrengthPotion
4	0.00%	Server.Items.TreasureLevel3
4	0.00%	Server.Items.TreasureLevel4
4	0.00%	Server.Items.VoteStone
4	0.00%	Server.Items.WarHammer
4	0.00%	Server.Items.WraithFormScroll
3	0.00%	Server.Engines.Quests.Necro.DarkTidesTeleporter
3	0.00%	Server.Engines.Quests.Samurai.HaochisTreasureChest
3	0.00%	Server.Items.AnimateDeadScroll
3	0.00%	Server.Items.Board
3	0.00%	Server.Items.Bola
3	0.00%	Server.Items.BoneHarvester
3	0.00%	Server.Items.ChainLegs
3	0.00%	Server.Items.CurseWeaponScroll
3	0.00%	Server.Items.DecorativePlateKabuto
3	0.00%	Server.Items.DeerMask
3	0.00%	Server.Items.ElvenBoots
3	0.00%	Server.Items.ElvenPants
3	0.00%	Server.Items.FemaleStuddedChest
3	0.00%	Server.Items.Fish
3	0.00%	Server.Items.Halberd
3	0.00%	Server.Items.Lajatang
3	0.00%	Server.Items.LightPlateJingasa
3	0.00%	Server.Items.LocalizedAddonComponent
3	0.00%	Server.Items.Maul
3	0.00%	Server.Items.OrcishKinMask
3	0.00%	Server.Items.PetShrinkPotion
3	0.00%	Server.Items.PoisonStrikeScroll
3	0.00%	Server.Items.Ribs
3	0.00%	Server.Items.RingmailLegs
3	0.00%	Server.Items.Scythe
3	0.00%	Server.Items.Shaft
3	0.00%	Server.Items.ShortSpear
3	0.00%	Server.Items.StuddedLegs
3	0.00%	Server.Items.TricorneHat
3	0.00%	Server.Items.VampiricEmbraceScroll
3	0.00%	Server.Items.WarAxe
3	0.00%	Server.Items.ZombieRot
2	0.00%	Server.Engines.Quests.Haven.UzeraanTurmoilHorn
2	0.00%	Server.Items.AbbatoirAddon
2	0.00%	Server.Items.BloodOathScroll
2	0.00%	Server.Items.BulletinMessage
2	0.00%	Server.Items.CannonEast
2	0.00%	Server.Items.ChainCoif
2	0.00%	Server.Items.CookieMix
2	0.00%	Server.Items.CureScroll
2	0.00%	Server.Items.DovetailSaw
2	0.00%	Server.Items.Drums
2	0.00%	Server.Items.ElvenShirt
2	0.00%	Server.Items.EnchantedSextant
2	0.00%	Server.Items.EvilOmenScroll
2	0.00%	Server.Items.FireballWand
2	0.00%	Server.Items.FishSteak
2	0.00%	Server.Items.FlourMillEastAddon
2	0.00%	Server.Items.FrenchBread
2	0.00%	Server.Items.GoldNecklace
2	0.00%	Server.Items.HammerPick
2	0.00%	Server.Items.HarmWand
2	0.00%	Server.Items.Helmet
2	0.00%	Server.Items.Hides
2	0.00%	Server.Items.IDWand
2	0.00%	Server.Items.LambLeg
2	0.00%	Server.Items.LargeBattleAxe
2	0.00%	Server.Items.LeafGloves
2	0.00%	Server.Items.LeafGorget
2	0.00%	Server.Items.Leather
2	0.00%	Server.Items.Lemon
2	0.00%	Server.Items.Lettuce
2	0.00%	Server.Items.Log
2	0.00%	Server.Items.Mace
2	0.00%	Server.Items.MagicArrowScroll
2	0.00%	Server.Items.MindRotScroll
2	0.00%	Server.Items.MonsterStatuette
2	0.00%	Server.Items.MortarPestle
2	0.00%	Server.Items.MummyWrap
2	0.00%	Server.Items.NecromancerSpellbook
2	0.00%	Server.Items.PlateDo
2	0.00%	Server.Items.PlateHaidate
2	0.00%	Server.Items.PlateHiroSode
2	0.00%	Server.Items.PlateSuneate
2	0.00%	Server.Items.Pouch
2	0.00%	Server.Items.RaisableItem
2	0.00%	Server.Items.RecallRune
2	0.00%	Server.Items.RejuvinationAnkhNorth
2	0.00%	Server.Items.RejuvinationAnkhWest
2	0.00%	Server.Items.RepeatingCrossbow
2	0.00%	Server.Items.RewardCloak
2	0.00%	Server.Items.RingmailGloves
2	0.00%	Server.Items.Scepter
2	0.00%	Server.Items.SheafOfHay
2	0.00%	Server.Items.SkeletonDust
2	0.00%	Server.Items.SkillTeleporter
2	0.00%	Server.Items.StatueEast2
2	0.00%	Server.Items.StrangleScroll
2	0.00%	Server.Items.StrongBackpack
2	0.00%	Server.Items.StuddedBustierArms
2	0.00%	Server.Items.SummonFamiliarScroll
2	0.00%	Server.Items.TallMusicStand
2	0.00%	Server.Items.TallStrawHat
2	0.00%	Server.Items.Tambourine
2	0.00%	Server.Items.TambourineTassel
2	0.00%	Server.Items.Tongs
2	0.00%	Server.Items.TreasureMap
2	0.00%	Server.Items.Turnip
2	0.00%	Server.Items.UncutCloth
2	0.00%	Server.Items.VengefulSpiritScroll
2	0.00%	Server.Items.WantedCrinminalsDeed
2	0.00%	Server.Items.WarMace
2	0.00%	Server.Items.WaterVatEast
2	0.00%	Server.Items.WaterVatSouth
2	0.00%	Server.Items.WoodenShield
2	0.00%	Server.Items.Wool
2	0.00%	Xanthos.JailSystem.JailRock
1	0.00%	Server.Engines.BulkOrders.SmallSmithBOD
1	0.00%	Server.Engines.CannedEvil.ChampionSkullPlatform
1	0.00%	Server.Engines.CannedEvil.ChampionSpawnController
1	0.00%	Server.Engines.Mahjong.MahjongGame
1	0.00%	Server.Engines.Quests.Doom.BellOfTheDead
1	0.00%	Server.Engines.Quests.Doom.GrandGrimoire
1	0.00%	Server.Engines.Quests.Doom.SummoningAltar
1	0.00%	Server.Engines.Quests.Haven.DaemonBloodChest
1	0.00%	Server.Engines.Quests.Haven.UzeraanTurmoilTeleporter
1	0.00%	Server.Engines.Quests.Necro.DarkTidesHorn
1	0.00%	Server.Engines.Quests.Necro.KronusScrollBox
1	0.00%	Server.Engines.Quests.Necro.MaabusCoffin
1	0.00%	Server.Engines.Quests.Ninja.BlueNinjaQuestTeleporter
1	0.00%	Server.Engines.Quests.Ninja.EminosKatanaChest
1	0.00%	Server.Engines.Quests.Ninja.GreenNinjaQuestTeleporter
1	0.00%	Server.Engines.Quests.Ninja.WhiteNinjaQuestTeleporter
1	0.00%	Server.Engines.Quests.Samurai.HaochisKatanaGenerator
1	0.00%	Server.Ethics.EthicsPersistance
1	0.00%	Server.Factions.FactionPersistance
1	0.00%	Server.Forums.ForumAdminStone
1	0.00%	Server.Items.AnimalItemCraftingTools
1	0.00%	Server.Items.BackpackArtifact
1	0.00%	Server.Items.BagOfNecroReagents
1	0.00%	Server.Items.Basket1Artifact
1	0.00%	Server.Items.Basket2Artifact
1	0.00%	Server.Items.Basket3NorthArtifact
1	0.00%	Server.Items.Basket3WestArtifact
1	0.00%	Server.Items.Basket4Artifact
1	0.00%	Server.Items.Basket5NorthArtifact
1	0.00%	Server.Items.Basket5WestArtifact
1	0.00%	Server.Items.Basket6Artifact
1	0.00%	Server.Items.BatWing
1	0.00%	Server.Items.BioEnginerBook
1	0.00%	Server.Items.BioTool
1	0.00%	Server.Items.BladedStaff
1	0.00%	Server.Items.BladeOfTheRighteous
1	0.00%	Server.Items.BlessScroll
1	0.00%	Server.Items.BloodyWaterArtifact
1	0.00%	Server.Items.BolaBall
1	0.00%	Server.Items.BookOfChivalry
1	0.00%	Server.Items.BooksFaceDownArtifact
1	0.00%	Server.Items.BooksNorthArtifact
1	0.00%	Server.Items.BooksWestArtifact
1	0.00%	Server.Items.BottleArtifact
1	0.00%	Server.Items.BowlArtifact
1	0.00%	Server.Items.BowlsHorizontalArtifact
1	0.00%	Server.Items.BowlsVerticalArtifact
1	0.00%	Server.Items.BrazierArtifact
1	0.00%	Server.Items.BronzeShield
1	0.00%	Server.Items.Brush
1	0.00%	Server.Items.Buckler
1	0.00%	Server.Items.BustSouth
1	0.00%	Server.Items.ButcherKnife
1	0.00%	Server.Items.Circlet
1	0.00%	Server.Items.CloseHelm
1	0.00%	Server.Items.Club
1	0.00%	Server.Items.ClumsyScroll
1	0.00%	Server.Items.CocoonArtifact
1	0.00%	Server.Items.CompositeBow
1	0.00%	Server.Items.ConfirmationMoongate
1	0.00%	Server.Items.CorpseSkinScroll
1	0.00%	Server.Items.CrescentBlade
1	0.00%	Server.Items.CupsArtifact
1	0.00%	Server.Items.DaemonBlood
1	0.00%	Server.Items.DamagedBooksArtifact
1	0.00%	Server.Items.DeathShroud
1	0.00%	Server.Items.DisappearingRaiseSwitch
1	0.00%	Server.Items.DolphinLeftArtifact
1	0.00%	Server.Items.DolphinRightArtifact
1	0.00%	Server.Items.DrakovsJournal
1	0.00%	Server.Items.EarthShard
1	0.00%	Server.Items.EasterEggs
1	0.00%	Server.Items.EggCaseArtifact
1	0.00%	Server.Items.ElvenMachete
1	0.00%	Server.Items.FanNorthArtifact
1	0.00%	Server.Items.FanWestArtifact
1	0.00%	Server.Items.FemaleElvenRobe
1	0.00%	Server.Items.FemaleKimono
1	0.00%	Server.Items.FireballScroll
1	0.00%	Server.Items.FireHorn
1	0.00%	Server.Items.Fists
1	0.00%	Server.Items.FlowersArtifact
1	0.00%	Server.Items.FropozJournal
1	0.00%	Server.Items.FullMagerySpellbook
1	0.00%	Server.Items.FurBoots
1	0.00%	Server.Items.FurSarong
1	0.00%	Server.Items.GlacialStaff
1	0.00%	Server.Items.GraveDiggersShovel
1	0.00%	Server.Items.GraveDust
1	0.00%	Server.Items.GreaterHealScroll
1	0.00%	Server.Items.GruesomeStandardArtifact
1	0.00%	Server.Items.HarmScroll
1	0.00%	Server.Items.Hatchet
1	0.00%	Server.Items.HeaterShield
1	0.00%	Server.Items.HousePlacementTool
1	0.00%	Server.Items.InquisitorsResolution
1	0.00%	Server.Items.JinBaori
1	0.00%	Server.Items.KaburJournal
1	0.00%	Server.Items.Kamishimo
1	0.00%	Server.Items.LampPostArtifact
1	0.00%	Server.Items.LanternOfSouls
1	0.00%	Server.Items.LeafArms
1	0.00%	Server.Items.LeafChest
1	0.00%	Server.Items.LeatherBustierArms
1	0.00%	Server.Items.LeatherNinjaBelt
1	0.00%	Server.Items.LeatherTunicArtifact
1	0.00%	Server.Items.LevelChainLegs
1	0.00%	Server.Items.LichFormScroll
1	0.00%	Server.Items.LightningScroll
1	0.00%	Server.Items.LightningWand
1	0.00%	Server.Items.MagicLockScroll
1	0.00%	Server.Items.MagicUnTrapScroll
1	0.00%	Server.Items.MaleKimono
1	0.00%	Server.Items.ManaVampireScroll
1	0.00%	Server.Items.ManStatuetteEastArtifact
1	0.00%	Server.Items.ManStatuetteSouthArtifact
1	0.00%	Server.Items.NightSightScroll
1	0.00%	Server.Items.NinjaTabi
1	0.00%	Server.Items.NoxCrystal
1	0.00%	Server.Items.Nunchaku
1	0.00%	Server.Items.Obi
1	0.00%	Server.Items.Onion
1	0.00%	Server.Items.OrnateWoodenChest
1	0.00%	Server.Items.Painting1NorthArtifact
1	0.00%	Server.Items.Painting1WestArtifact
1	0.00%	Server.Items.Painting2NorthArtifact
1	0.00%	Server.Items.Painting2WestArtifact
1	0.00%	Server.Items.Painting3Artifact
1	0.00%	Server.Items.Painting4NorthArtifact
1	0.00%	Server.Items.Painting4WestArtifact
1	0.00%	Server.Items.Painting5NorthArtifact
1	0.00%	Server.Items.Painting5WestArtifact
1	0.00%	Server.Items.Painting6NorthArtifact
1	0.00%	Server.Items.Painting6WestArtifact
1	0.00%	Server.Items.PigIron
1	0.00%	Server.Items.PlateMempo
1	0.00%	Server.Items.PoisonFieldScroll
1	0.00%	Server.Items.PoisonScroll
1	0.00%	Server.Items.PrizedFish
1	0.00%	Server.Items.ProtectionScroll
1	0.00%	Server.Items.RaiseSwitch
1	0.00%	Server.Items.ReactiveArmorScroll
1	0.00%	Server.Items.ResurrectionScroll
1	0.00%	Server.Items.RewardBlackDyeTub
1	0.00%	Server.Items.RockArtifact
1	0.00%	Server.Items.RuinedPaintingArtifact
1	0.00%	Server.Items.RuneBlade
1	0.00%	Server.Items.SaddleArtifact
1	0.00%	Server.Items.SakeArtifact
1	0.00%	Server.Items.ScribesPen
1	0.00%	Server.Items.Sculpture1Artifact
1	0.00%	Server.Items.Sculpture2Artifact
1	0.00%	Server.Items.ShrineOfWisdomAddon
1	0.00%	Server.Items.Skillet
1	0.00%	Server.Items.SkinnedDeerArtifact
1	0.00%	Server.Items.SkinnedGoatArtifact
1	0.00%	Server.Items.SkullCandleArtifact
1	0.00%	Server.Items.SmallBagBall
1	0.00%	Server.Items.SmoothingPlane
1	0.00%	Server.Items.SpecialDyeTub
1	0.00%	Server.Items.SpinedHides
1	0.00%	Server.Items.SpinedLeather
1	0.00%	Server.Items.StandardPlateKabuto
1	0.00%	Server.Items.StealableArtifactsSpawner
1	0.00%	Server.Items.StretchedHideArtifact
1	0.00%	Server.Items.StrongBoxPuzzle
1	0.00%	Server.Items.StuddedArms
1	0.00%	Server.Items.StuddedGloves
1	0.00%	Server.Items.StuddedLeggingsArtifact
1	0.00%	Server.Items.StuddedTunicArtifact
1	0.00%	Server.Items.SummonCreatureScroll
1	0.00%	Server.Items.SwordDisplay1NorthArtifact
1	0.00%	Server.Items.SwordDisplay1WestArtifact
1	0.00%	Server.Items.SwordDisplay2NorthArtifact
1	0.00%	Server.Items.SwordDisplay2WestArtifact
1	0.00%	Server.Items.SwordDisplay3EastArtifact
1	0.00%	Server.Items.SwordDisplay3SouthArtifact
1	0.00%	Server.Items.SwordDisplay4NorthArtifact
1	0.00%	Server.Items.SwordDisplay4WestArtifact
1	0.00%	Server.Items.SwordDisplay5NorthArtifact
1	0.00%	Server.Items.SwordDisplay5WestArtifact
1	0.00%	Server.Items.TarotCardsArtifact
1	0.00%	Server.Items.TavarasJournal1
1	0.00%	Server.Items.TavarasJournal11
1	0.00%	Server.Items.TavarasJournal2
1	0.00%	Server.Items.TavarasJournal3
1	0.00%	Server.Items.TavarasJournal6
1	0.00%	Server.Items.TavarasJournal7
1	0.00%	Server.Items.TavarasJournal8
1	0.00%	Server.Items.TavarasJournal9
1	0.00%	Server.Items.TeapotNorthArtifact
1	0.00%	Server.Items.TeapotWestArtifact
1	0.00%	Server.Items.Tekagi
1	0.00%	Server.Items.TitansHammer
1	0.00%	Server.Items.TowerLanternArtifact
1	0.00%	Server.Items.TranslatedGargoyleJournal
1	0.00%	Server.Items.TribalPaint
1	0.00%	Server.Items.TripleFanNorthArtifact
1	0.00%	Server.Items.TripleFanWestArtifact
1	0.00%	Server.Items.Urn1Artifact
1	0.00%	Server.Items.Urn2Artifact
1	0.00%	Server.Items.WallOfStoneScroll
1	0.00%	Server.Items.Waraji
1	0.00%	Server.Items.WeaknessWand
1	0.00%	Server.Items.WelcomeSkillBall
1	0.00%	Server.Items.WitherScroll
1	0.00%	Server.Items.WoodenKiteShield
1	0.00%	Server.Items.ZenRock1Artifact
1	0.00%	Server.Items.ZenRock2Artifact
1	0.00%	Server.Items.ZenRock3Artifact
1	0.00%	Server.Items.ZyronicClaw
1	0.00%	Server.LevelSystem.LevelControlStone
1	0.00%	Server.Mobiles.GenericBuyInfo+DisplayCache
1	0.00%	Server.Regions.SpawnPersistence
1	0.00%	Server.TMSS.BaseTMSkillItem
1	0.00%	Xanthos.JailSystem.JailTeleporter


#Mobiles:
301	5.33%	Server.Mobiles.Lizardman
192	3.40%	Server.Mobiles.Snake
166	2.94%	Server.Mobiles.InnKeeper
153	2.71%	Server.Mobiles.Alchemist
139	2.46%	Server.Mobiles.Healer
129	2.28%	Server.Mobiles.Armorer
129	2.28%	Server.Mobiles.Weaponsmith
128	2.27%	Server.Mobiles.Provisioner
127	2.25%	Server.Mobiles.Cobbler
124	2.20%	Server.Mobiles.Banker
123	2.18%	Server.Mobiles.Minter
115	2.04%	Server.Mobiles.Tailor
115	2.04%	Server.Mobiles.Weaver
114	2.02%	Server.Mobiles.Fisherman
113	2.00%	Server.Mobiles.StrongMongbat
110	1.95%	Server.Mobiles.Mage
107	1.90%	Server.Mobiles.DeathwatchBeetleHatchling
102	1.81%	Server.Mobiles.Butcher
101	1.79%	Server.Mobiles.ShadowWisp
99	1.75%	Server.Mobiles.Pixie
94	1.66%	Server.Mobiles.TavernKeeper
93	1.65%	Server.Mobiles.AnimalTrainer
93	1.65%	Server.Mobiles.Barkeeper
93	1.65%	Server.Mobiles.Cook
93	1.65%	Server.Mobiles.Waiter
92	1.63%	Server.Mobiles.HealerGuildmaster
87	1.54%	Server.Mobiles.Blacksmith
87	1.54%	Server.Mobiles.Imp
79	1.40%	Server.Mobiles.Baker
76	1.35%	Server.Mobiles.TailorGuildmaster
74	1.31%	Server.Mobiles.MageGuildmaster
70	1.24%	Server.Mobiles.Hind
64	1.13%	Server.Mobiles.Carpenter
63	1.12%	Server.Mobiles.Architect
63	1.12%	Server.Mobiles.RealEstateBroker
62	1.10%	Server.Mobiles.Bird
61	1.08%	Server.Mobiles.Jeweler
61	1.08%	Server.Mobiles.Shipwright
60	1.06%	Server.Mobiles.BlacksmithGuildmaster
60	1.06%	Server.Mobiles.Mapmaker
53	0.94%	Server.Mobiles.Herbalist
52	0.92%	Server.Mobiles.Tanner
52	0.92%	Server.Mobiles.Tinker
51	0.90%	Server.Mobiles.Furtrader
49	0.87%	Server.Mobiles.Scribe
48	0.85%	Server.Mobiles.CustomHairstylist
46	0.81%	Server.Mobiles.Bowyer
44	0.78%	Server.Mobiles.Bogle
42	0.74%	Server.Mobiles.TinkerGuildmaster
41	0.73%	Server.Mobiles.Wraith
40	0.71%	Server.Mobiles.EscortableMage
40	0.71%	Server.Mobiles.Ghoul
39	0.69%	Server.Mobiles.Shade
38	0.67%	Server.Mobiles.XmlQuestNPC
37	0.66%	Server.Mobiles.SkeletalWarrior
36	0.64%	Server.Mobiles.Spectre
35	0.62%	Server.Mobiles.TownCrier
30	0.53%	Server.Mobiles.Farmer
30	0.53%	Server.Mobiles.WarriorGuildmaster
27	0.48%	Server.Mobiles.SeekerOfAdventure
23	0.41%	Server.Mobiles.Cat
22	0.39%	Server.Mobiles.MinerGuildmaster
20	0.35%	Server.Mobiles.Boar
20	0.35%	Server.Mobiles.Doctor
20	0.35%	Server.Mobiles.Goat
19	0.34%	Server.Mobiles.DruidVendor
19	0.34%	Server.Mobiles.GraveDigger
19	0.34%	Server.SpellCrafting.Mobiles.SpellCrafter
18	0.32%	Server.Mobiles.Noble
18	0.32%	Server.Mobiles.Publisher
17	0.30%	Server.Mobiles.AnimalBreeder
17	0.30%	Server.Mobiles.AnimalCrafter
17	0.30%	Server.Mobiles.BardGuildmaster
17	0.30%	Server.Mobiles.WanderingHealer
15	0.27%	Server.Mobiles.QuestGiver
15	0.27%	Server.Mobiles.ShepherdsSheep
15	0.27%	Server.Mobiles.wSherif
14	0.25%	Server.Custom.TreasureHunter
14	0.25%	Server.Engines.Quests.Samurai.HaochisGuardsman
14	0.25%	Server.Mobiles.Dog
13	0.23%	Server.Mobiles.Bard
12	0.21%	Server.Engines.Quests.Ninja.HiddenFigure
12	0.21%	Server.Mobiles.FisherGuildmaster
11	0.19%	Server.Mobiles.PlayerMobile
11	0.19%	Server.Mobiles.Rat
11	0.19%	Server.Mobiles.SkeletalHorse
10	0.18%	Server.Engines.Quests.Naturalist.Naturalist
9	0.16%	Server.Mobiles.FortuneTeller
8	0.14%	Server.Mobiles.MerchantGuildmaster
7	0.12%	Server.Mobiles.Sheep
6	0.11%	Server.Mobiles.Beekeeper
6	0.11%	Server.Mobiles.GypsyAnimalTrainer
6	0.11%	Server.Mobiles.GypsyBanker
6	0.11%	Server.Mobiles.KeeperOfChivalry
6	0.11%	Server.Mobiles.ThiefGuildmaster
6	0.11%	Server.Mobiles.WoodElfFighter
5	0.09%	Server.Engines.Quests.Collector.Impresario
5	0.09%	Server.Engines.Quests.Haven.MansionGuard
4	0.07%	Server.Mobiles.CannonGuardWest
4	0.07%	Server.Mobiles.ChaosGuard
4	0.07%	Server.Mobiles.HireBeggar
4	0.07%	Server.Mobiles.OrderGuard
4	0.07%	Server.Mobiles.RangerGuildmaster
4	0.07%	Server.Mobiles.Veterinarian
3	0.05%	Server.Mobiles.GypsyMaiden
3	0.05%	Server.Mobiles.HireBard
3	0.05%	Server.Mobiles.HireRanger
3	0.05%	Server.Mobiles.HireRangerArcher
3	0.05%	Server.Mobiles.HolyMage
3	0.05%	Server.Mobiles.Horse
3	0.05%	Server.Mobiles.ShepherdsDog
3	0.05%	Server.Mobiles.Skeleton
2	0.04%	Server.Engines.Quests.Hag.Blackheart
2	0.04%	Server.Engines.Quests.Hag.Grizelda
2	0.04%	Server.Mobiles.CannonGuardEast
2	0.04%	Server.Mobiles.HireFighter
2	0.04%	Server.Mobiles.HireSailor
2	0.04%	Server.Mobiles.HireThief
2	0.04%	Server.Mobiles.PackHorse
2	0.04%	Server.Mobiles.Zombie
1	0.02%	Server.Engines.Quests.Ambitious.BlackAmbitiousSolenQueen
1	0.02%	Server.Engines.Quests.Ambitious.RedAmbitiousSolenQueen
1	0.02%	Server.Engines.Quests.Collector.AlbertaGiacco
1	0.02%	Server.Engines.Quests.Collector.ElwoodMcCarrin
1	0.02%	Server.Engines.Quests.Collector.GabrielPiete
1	0.02%	Server.Engines.Quests.Collector.TomasONeerlan
1	0.02%	Server.Engines.Quests.Doom.Victoria
1	0.02%	Server.Engines.Quests.Haven.Dryad
1	0.02%	Server.Engines.Quests.Haven.Schmendrick
1	0.02%	Server.Engines.Quests.Haven.Uzeraan
1	0.02%	Server.Engines.Quests.Matriarch.BlackSolenMatriarch
1	0.02%	Server.Engines.Quests.Matriarch.RedSolenMatriarch
1	0.02%	Server.Engines.Quests.Necro.Horus
1	0.02%	Server.Engines.Quests.Necro.Mardoth
1	0.02%	Server.Engines.Quests.Ninja.Emino
1	0.02%	Server.Engines.Quests.Ninja.EnshroudedFigure
1	0.02%	Server.Engines.Quests.Ninja.JedahEntille
1	0.02%	Server.Engines.Quests.Ninja.Zoel
1	0.02%	Server.Engines.Quests.Samurai.DeadlyImp
1	0.02%	Server.Engines.Quests.Samurai.FierceDragon
1	0.02%	Server.Engines.Quests.Samurai.Haochi
1	0.02%	Server.Engines.Quests.Samurai.Relnia
1	0.02%	Server.Engines.Quests.Zento.AnsellaGryen
1	0.02%	Server.Mobiles.DarknightCreeper
1	0.02%	Server.Mobiles.Glassblower
1	0.02%	Server.Mobiles.Gorilla
1	0.02%	Server.Mobiles.HireMage
1	0.02%	Server.Mobiles.IharaSoko
1	0.02%	Server.Mobiles.Mummy
1	0.02%	Server.Mobiles.PricedHealer
1	0.02%	Server.Mobiles.RatLord
1	0.02%	Server.Mobiles.RatmanMage
1	0.02%	Server.Mobiles.Shepherd
1	0.02%	Server.Mobiles.SkeletalGod
1	0.02%	Server.Mobiles.StoneCrafter
1	0.02%	Server.Mobiles.VarietyDealer
1	0.02%	Xanthos.JailSystem.JailSlaveDriver
